#
# There is insufficient memory for the Java Runtime Environment to continue.
# Native memory allocation (mmap) failed to map 76546048 bytes for committing reserved memory.
# Possible reasons:
#   The system is out of physical RAM or swap space
#   In 32 bit mode, the process size limit was hit
# Possible solutions:
#   Reduce memory load on the system
#   Increase physical memory or swap space
#   Check if swap backing store is full
#   Use 64 bit Java on a 64 bit OS
#   Decrease Java heap size (-Xmx/-Xms)
#   Decrease number of Java threads
#   Decrease Java thread stack sizes (-Xss)
#   Set larger code cache with -XX:ReservedCodeCacheSize=
# This output file may be truncated or incomplete.
#
#  Out of Memory Error (os_linux.cpp:2640), pid=7467, tid=0x00007f1dfc4f4700
#
# JRE version: OpenJDK Runtime Environment (8.0_152-b01) (build 1.8.0_152-release-1024-b01)
# Java VM: OpenJDK 64-Bit Server VM (25.152-b01 mixed mode linux-amd64 compressed oops)
# Failed to write core dump. Core dumps have been disabled. To enable core dumping, try "ulimit -c unlimited" before starting Java again
#

---------------  T H R E A D  ---------------

Current thread (0x00007f1e14080800):  VMThread [stack: 0x00007f1dfc3f4000,0x00007f1dfc4f5000] [id=7484]

Stack: [0x00007f1dfc3f4000,0x00007f1dfc4f5000],  sp=0x00007f1dfc4f34a0,  free space=1021k
Native frames: (J=compiled Java code, j=interpreted, Vv=VM code, C=native code)
V  [libjvm.so+0x9ed02d]  VMError::report_and_die()+0x15d
V  [libjvm.so+0x4b99fa]  report_vm_out_of_memory(char const*, int, unsigned long, VMErrorType, char const*)+0x8a
V  [libjvm.so+0x852c20]  os::pd_commit_memory(char*, unsigned long, unsigned long, bool)+0xf0
V  [libjvm.so+0x84d72f]  os::commit_memory(char*, unsigned long, unsigned long, bool)+0x1f
V  [libjvm.so+0x8c448b]  PSVirtualSpace::expand_by(unsigned long)+0x5b
V  [libjvm.so+0x8c5100]  PSYoungGen::resize_generation(unsigned long, unsigned long)+0xb0
V  [libjvm.so+0x8c541b]  PSYoungGen::resize(unsigned long, unsigned long)+0x1b
V  [libjvm.so+0x8c1b0c]  PSScavenge::invoke_no_policy()+0xdac
V  [libjvm.so+0x8bb610]  PSParallelCompact::invoke(bool)+0x40
V  [libjvm.so+0x449643]  CollectedHeap::collect_as_vm_thread(GCCause::Cause)+0x143
V  [libjvm.so+0x9ee471]  VM_CollectForMetadataAllocation::doit()+0x141
V  [libjvm.so+0x9f3067]  VM_Operation::evaluate()+0x47
V  [libjvm.so+0x9f1a48]  VMThread::evaluate_operation(VM_Operation*)+0x2c8
V  [libjvm.so+0x9f1ec9]  VMThread::loop()+0x219
V  [libjvm.so+0x9f2312]  VMThread::run()+0x72
V  [libjvm.so+0x850032]  java_start(Thread*)+0xf2

VM_Operation (0x00007f1de6b7d900): CollectForMetadataAllocation, mode: safepoint, requested by thread 0x00007f1da0008800


---------------  P R O C E S S  ---------------

Java Threads: ( => current thread )
  0x00007f1d9c378800 JavaThread "Cache worker for file hash cache (/home/pollux/Repositories/SWT/Pathfinder/Client/Pathfinder/.gradle/4.4/fileHashes)" [_thread_blocked, id=7517, stack(0x00007f1de617f000,0x00007f1de6280000)]
  0x00007f1d9c202000 JavaThread "File lock request listener" [_thread_in_native, id=7516, stack(0x00007f1de6480000,0x00007f1de6581000)]
  0x00007f1d9c128800 JavaThread "Cache worker for file hash cache (/home/pollux/.gradle/caches/4.4/fileHashes)" [_thread_blocked, id=7515, stack(0x00007f1de6581000,0x00007f1de6682000)]
  0x00007f1d9c010000 JavaThread "Stdin handler" [_thread_blocked, id=7514, stack(0x00007f1de6682000,0x00007f1de6783000)]
  0x00007f1d9c014800 JavaThread "Asynchronous log dispatcher for DefaultDaemonConnection: socket connection from /127.0.0.1:44555 to /127.0.0.1:59434" [_thread_blocked, id=7513, stack(0x00007f1de6783000,0x00007f1de6884000)]
  0x00007f1da0008800 JavaThread "Daemon worker" [_thread_blocked, id=7510, stack(0x00007f1de6a84000,0x00007f1de6b85000)]
  0x00007f1da000b000 JavaThread "Cancel handler" [_thread_blocked, id=7509, stack(0x00007f1de6b85000,0x00007f1de6c86000)]
  0x00007f1da0005800 JavaThread "Handler for socket connection from /127.0.0.1:44555 to /127.0.0.1:59434" [_thread_in_native, id=7508, stack(0x00007f1de6c86000,0x00007f1de6d87000)]
  0x00007f1da8015800 JavaThread "Daemon" [_thread_blocked, id=7507, stack(0x00007f1de6d87000,0x00007f1de6e88000)]
  0x00007f1e14df8000 JavaThread "Daemon periodic checks" [_thread_blocked, id=7506, stack(0x00007f1de6e88000,0x00007f1de6f89000)]
  0x00007f1e14dd1800 JavaThread "Incoming local TCP Connector on port 44555" [_thread_in_native, id=7505, stack(0x00007f1de6f90000,0x00007f1de7091000)]
  0x00007f1e140de000 JavaThread "Service Thread" daemon [_thread_blocked, id=7498, stack(0x00007f1df76a5000,0x00007f1df77a6000)]
  0x00007f1e140c9000 JavaThread "C1 CompilerThread3" daemon [_thread_blocked, id=7497, stack(0x00007f1df77a6000,0x00007f1df78a7000)]
  0x00007f1e140c6800 JavaThread "C2 CompilerThread2" daemon [_thread_blocked, id=7496, stack(0x00007f1df78a7000,0x00007f1df79a8000)]
  0x00007f1e140c5000 JavaThread "C2 CompilerThread1" daemon [_thread_blocked, id=7495, stack(0x00007f1df79a8000,0x00007f1df7aa9000)]
  0x00007f1e140c2000 JavaThread "C2 CompilerThread0" daemon [_thread_blocked, id=7494, stack(0x00007f1df7aa9000,0x00007f1df7baa000)]
  0x00007f1e140c0800 JavaThread "Signal Dispatcher" daemon [_thread_blocked, id=7493, stack(0x00007f1dfc0f1000,0x00007f1dfc1f2000)]
  0x00007f1e1408c800 JavaThread "Finalizer" daemon [_thread_blocked, id=7490, stack(0x00007f1dfc1f2000,0x00007f1dfc2f3000)]
  0x00007f1e14088000 JavaThread "Reference Handler" daemon [_thread_blocked, id=7489, stack(0x00007f1dfc2f3000,0x00007f1dfc3f4000)]
  0x00007f1e1400a800 JavaThread "main" [_thread_blocked, id=7470, stack(0x00007f1e1cd7c000,0x00007f1e1ce7d000)]

Other Threads:
=>0x00007f1e14080800 VMThread [stack: 0x00007f1dfc3f4000,0x00007f1dfc4f5000] [id=7484]
  0x00007f1e140e0800 WatcherThread [stack: 0x00007f1df75a4000,0x00007f1df76a5000] [id=7499]

VM state:at safepoint (normal execution)

VM Mutex/Monitor currently owned by a thread:  ([mutex/lock_event])
[0x00007f1e14006fe0] Threads_lock - owner thread: 0x00007f1e14080800
[0x00007f1e140074e0] Heap_lock - owner thread: 0x00007f1da0008800

Heap:
 PSYoungGen      total 70656K, used 5104K [0x00000000e0000000, 0x00000000e4a00000, 0x0000000100000000)
  eden space 65536K, 0% used [0x00000000e0000000,0x00000000e0000000,0x00000000e4000000)
  from space 5120K, 99% used [0x00000000e4000000,0x00000000e44fc060,0x00000000e4500000)
  to   space 5120K, 0% used [0x00000000e4500000,0x00000000e4500000,0x00000000e4a00000)
 ParOldGen       total 86016K, used 8755K [0x00000000a0000000, 0x00000000a5400000, 0x00000000e0000000)
  object space 86016K, 10% used [0x00000000a0000000,0x00000000a088cc20,0x00000000a5400000)
 Metaspace       used 20709K, capacity 21070K, committed 21248K, reserved 1067008K
  class space    used 2896K, capacity 3037K, committed 3072K, reserved 1048576K

Card table byte_map: [0x00007f1e1990c000,0x00007f1e19c0d000] byte_map_base: 0x00007f1e1940c000

Marking Bits: (ParMarkBitMap*) 0x00007f1e1c255440
 Begin Bits: [0x00007f1dfd000000, 0x00007f1dfe800000)
 End Bits:   [0x00007f1dfe800000, 0x00007f1e00000000)

Polling page: 0x00007f1e1cea9000

CodeCache: size=245760Kb used=5703Kb max_used=5725Kb free=240056Kb
 bounds [0x00007f1e05000000, 0x00007f1e055a0000, 0x00007f1e14000000]
 total_blobs=1996 nmethods=1617 adapters=293
 compilation: enabled

Compilation events (10 events):
Event: 34,451 Thread 0x00007f1e140c9000 nmethod 1615 0x00007f1e0556a1d0 code [0x00007f1e0556a360, 0x00007f1e0556a798]
Event: 34,451 Thread 0x00007f1e140c9000 1617       3       groovy.lang.MetaClassImpl$1MOPIter::methodNameAction (479 bytes)
Event: 34,453 Thread 0x00007f1e140c9000 nmethod 1617 0x00007f1e0558ebd0 code [0x00007f1e0558f020, 0x00007f1e05591a18]
Event: 34,453 Thread 0x00007f1e140c9000 1619       3       org.codehaus.groovy.reflection.CachedClass::getSuperClassDistance (41 bytes)
Event: 34,454 Thread 0x00007f1e140c9000 nmethod 1619 0x00007f1e05569b90 code [0x00007f1e05569d20, 0x00007f1e0556a0c8]
Event: 34,454 Thread 0x00007f1e140c9000 1618       3       groovy.lang.MetaMethod::getMopName (105 bytes)
Event: 34,455 Thread 0x00007f1e140c9000 nmethod 1618 0x00007f1e05566b50 code [0x00007f1e05566e60, 0x00007f1e055690c8]
Event: 34,456 Thread 0x00007f1e140c6800 nmethod 1597 0x00007f1e055665d0 code [0x00007f1e05566720, 0x00007f1e05566a48]
Event: 34,459 Thread 0x00007f1e140c2000 nmethod 1613 0x00007f1e05599a90 code [0x00007f1e05599c00, 0x00007f1e0559a098]
Event: 34,459 Thread 0x00007f1e140c5000 nmethod 1616 0x00007f1e05597010 code [0x00007f1e05597180, 0x00007f1e05597858]

GC Heap History (9 events):
Event: 1,009 GC heap before
{Heap before GC invocations=1 (full 0):
 PSYoungGen      total 37888K, used 32768K [0x00000000e0000000, 0x00000000e2a00000, 0x0000000100000000)
  eden space 32768K, 100% used [0x00000000e0000000,0x00000000e2000000,0x00000000e2000000)
  from space 5120K, 0% used [0x00000000e2500000,0x00000000e2500000,0x00000000e2a00000)
  to   space 5120K, 0% used [0x00000000e2000000,0x00000000e2000000,0x00000000e2500000)
 ParOldGen       total 86016K, used 0K [0x00000000a0000000, 0x00000000a5400000, 0x00000000e0000000)
  object space 86016K, 0% used [0x00000000a0000000,0x00000000a0000000,0x00000000a5400000)
 Metaspace       used 6509K, capacity 6702K, committed 6784K, reserved 1056768K
  class space    used 794K, capacity 875K, committed 896K, reserved 1048576K
Event: 1,013 GC heap after
Heap after GC invocations=1 (full 0):
 PSYoungGen      total 37888K, used 4256K [0x00000000e0000000, 0x00000000e2a00000, 0x0000000100000000)
  eden space 32768K, 0% used [0x00000000e0000000,0x00000000e0000000,0x00000000e2000000)
  from space 5120K, 83% used [0x00000000e2000000,0x00000000e2428130,0x00000000e2500000)
  to   space 5120K, 0% used [0x00000000e2500000,0x00000000e2500000,0x00000000e2a00000)
 ParOldGen       total 86016K, used 8K [0x00000000a0000000, 0x00000000a5400000, 0x00000000e0000000)
  object space 86016K, 0% used [0x00000000a0000000,0x00000000a0002000,0x00000000a5400000)
 Metaspace       used 6509K, capacity 6702K, committed 6784K, reserved 1056768K
  class space    used 794K, capacity 875K, committed 896K, reserved 1048576K
}
Event: 1,494 GC heap before
{Heap before GC invocations=2 (full 0):
 PSYoungGen      total 37888K, used 37024K [0x00000000e0000000, 0x00000000e2a00000, 0x0000000100000000)
  eden space 32768K, 100% used [0x00000000e0000000,0x00000000e2000000,0x00000000e2000000)
  from space 5120K, 83% used [0x00000000e2000000,0x00000000e2428130,0x00000000e2500000)
  to   space 5120K, 0% used [0x00000000e2500000,0x00000000e2500000,0x00000000e2a00000)
 ParOldGen       total 86016K, used 8K [0x00000000a0000000, 0x00000000a5400000, 0x00000000e0000000)
  object space 86016K, 0% used [0x00000000a0000000,0x00000000a0002000,0x00000000a5400000)
 Metaspace       used 11512K, capacity 11930K, committed 12160K, reserved 1060864K
  class space    used 1533K, capacity 1663K, committed 1664K, reserved 1048576K
Event: 1,498 GC heap after
Heap after GC invocations=2 (full 0):
 PSYoungGen      total 37888K, used 5106K [0x00000000e0000000, 0x00000000e2a00000, 0x0000000100000000)
  eden space 32768K, 0% used [0x00000000e0000000,0x00000000e0000000,0x00000000e2000000)
  from space 5120K, 99% used [0x00000000e2500000,0x00000000e29fc868,0x00000000e2a00000)
  to   space 5120K, 0% used [0x00000000e2000000,0x00000000e2000000,0x00000000e2500000)
 ParOldGen       total 86016K, used 735K [0x00000000a0000000, 0x00000000a5400000, 0x00000000e0000000)
  object space 86016K, 0% used [0x00000000a0000000,0x00000000a00b7d00,0x00000000a5400000)
 Metaspace       used 11512K, capacity 11930K, committed 12160K, reserved 1060864K
  class space    used 1533K, capacity 1663K, committed 1664K, reserved 1048576K
}
Event: 1,772 GC heap before
{Heap before GC invocations=3 (full 0):
 PSYoungGen      total 37888K, used 37874K [0x00000000e0000000, 0x00000000e2a00000, 0x0000000100000000)
  eden space 32768K, 100% used [0x00000000e0000000,0x00000000e2000000,0x00000000e2000000)
  from space 5120K, 99% used [0x00000000e2500000,0x00000000e29fc868,0x00000000e2a00000)
  to   space 5120K, 0% used [0x00000000e2000000,0x00000000e2000000,0x00000000e2500000)
 ParOldGen       total 86016K, used 735K [0x00000000a0000000, 0x00000000a5400000, 0x00000000e0000000)
  object space 86016K, 0% used [0x00000000a0000000,0x00000000a00b7d00,0x00000000a5400000)
 Metaspace       used 14274K, capacity 14612K, committed 14720K, reserved 1062912K
  class space    used 2012K, capacity 2154K, committed 2176K, reserved 1048576K
Event: 1,778 GC heap after
Heap after GC invocations=3 (full 0):
 PSYoungGen      total 37888K, used 5101K [0x00000000e0000000, 0x00000000e4a00000, 0x0000000100000000)
  eden space 32768K, 0% used [0x00000000e0000000,0x00000000e0000000,0x00000000e2000000)
  from space 5120K, 99% used [0x00000000e2000000,0x00000000e24fb5a8,0x00000000e2500000)
  to   space 5120K, 0% used [0x00000000e4500000,0x00000000e4500000,0x00000000e4a00000)
 ParOldGen       total 86016K, used 3095K [0x00000000a0000000, 0x00000000a5400000, 0x00000000e0000000)
  object space 86016K, 3% used [0x00000000a0000000,0x00000000a0305e18,0x00000000a5400000)
 Metaspace       used 14274K, capacity 14612K, committed 14720K, reserved 1062912K
  class space    used 2012K, capacity 2154K, committed 2176K, reserved 1048576K
}
Event: 2,282 GC heap before
{Heap before GC invocations=4 (full 0):
 PSYoungGen      total 37888K, used 37869K [0x00000000e0000000, 0x00000000e4a00000, 0x0000000100000000)
  eden space 32768K, 100% used [0x00000000e0000000,0x00000000e2000000,0x00000000e2000000)
  from space 5120K, 99% used [0x00000000e2000000,0x00000000e24fb5a8,0x00000000e2500000)
  to   space 5120K, 0% used [0x00000000e4500000,0x00000000e4500000,0x00000000e4a00000)
 ParOldGen       total 86016K, used 3095K [0x00000000a0000000, 0x00000000a5400000, 0x00000000e0000000)
  object space 86016K, 3% used [0x00000000a0000000,0x00000000a0305e18,0x00000000a5400000)
 Metaspace       used 17855K, capacity 18254K, committed 18688K, reserved 1064960K
  class space    used 2568K, capacity 2717K, committed 2816K, reserved 1048576K
Event: 2,322 GC heap after
Heap after GC invocations=4 (full 0):
 PSYoungGen      total 70656K, used 5104K [0x00000000e0000000, 0x00000000e4a00000, 0x0000000100000000)
  eden space 65536K, 0% used [0x00000000e0000000,0x00000000e0000000,0x00000000e4000000)
  from space 5120K, 99% used [0x00000000e4500000,0x00000000e49fc040,0x00000000e4a00000)
  to   space 5120K, 0% used [0x00000000e4000000,0x00000000e4000000,0x00000000e4500000)
 ParOldGen       total 86016K, used 6538K [0x00000000a0000000, 0x00000000a5400000, 0x00000000e0000000)
  object space 86016K, 7% used [0x00000000a0000000,0x00000000a0662b80,0x00000000a5400000)
 Metaspace       used 17855K, capacity 18254K, committed 18688K, reserved 1064960K
  class space    used 2568K, capacity 2717K, committed 2816K, reserved 1048576K
}
Event: 34,474 GC heap before
{Heap before GC invocations=5 (full 0):
 PSYoungGen      total 70656K, used 16451K [0x00000000e0000000, 0x00000000e4a00000, 0x0000000100000000)
  eden space 65536K, 17% used [0x00000000e0000000,0x00000000e0b14d80,0x00000000e4000000)
  from space 5120K, 99% used [0x00000000e4500000,0x00000000e49fc040,0x00000000e4a00000)
  to   space 5120K, 0% used [0x00000000e4000000,0x00000000e4000000,0x00000000e4500000)
 ParOldGen       total 86016K, used 6538K [0x00000000a0000000, 0x00000000a5400000, 0x00000000e0000000)
  object space 86016K, 7% used [0x00000000a0000000,0x00000000a0662b80,0x00000000a5400000)
 Metaspace       used 20709K, capacity 21070K, committed 21248K, reserved 1067008K
  class space    used 2896K, capacity 3037K, committed 3072K, reserved 1048576K

Deoptimization events (10 events):
Event: 1,446 Thread 0x00007f1da0005800 Uncommon trap: reason=unstable_if action=reinterpret pc=0x00007f1e05351514 method=java.util.concurrent.ConcurrentHashMap.putVal(Ljava/lang/Object;Ljava/lang/Object;Z)Ljava/lang/Object; @ 206
Event: 1,502 Thread 0x00007f1da0008800 Uncommon trap: reason=bimorphic action=maybe_recompile pc=0x00007f1e052eed88 method=java.util.HashMap.putVal(ILjava/lang/Object;Ljava/lang/Object;ZZ)Ljava/lang/Object; @ 203
Event: 1,512 Thread 0x00007f1da0008800 Uncommon trap: reason=class_check action=maybe_recompile pc=0x00007f1e05255360 method=java.util.regex.Matcher.match(II)Z @ 86
Event: 1,706 Thread 0x00007f1da0008800 Uncommon trap: reason=class_check action=maybe_recompile pc=0x00007f1e05255360 method=java.util.regex.Matcher.match(II)Z @ 86
Event: 1,746 Thread 0x00007f1da0008800 Uncommon trap: reason=unstable_if action=reinterpret pc=0x00007f1e053e3d54 method=java.lang.String.lastIndexOf([CII[CIII)I @ 66
Event: 1,988 Thread 0x00007f1da0008800 Uncommon trap: reason=unstable_if action=reinterpret pc=0x00007f1e0528379c method=java.io.File.getName()Ljava/lang/String; @ 16
Event: 2,081 Thread 0x00007f1da0008800 Uncommon trap: reason=bimorphic action=maybe_recompile pc=0x00007f1e053f8bac method=java.lang.ClassLoader.loadClass(Ljava/lang/String;Z)Ljava/lang/Class; @ 38
Event: 2,084 Thread 0x00007f1da0008800 Uncommon trap: reason=bimorphic action=maybe_recompile pc=0x00007f1e053f8bac method=java.lang.ClassLoader.loadClass(Ljava/lang/String;Z)Ljava/lang/Class; @ 38
Event: 2,085 Thread 0x00007f1da0008800 Uncommon trap: reason=bimorphic action=maybe_recompile pc=0x00007f1e053f8bac method=java.lang.ClassLoader.loadClass(Ljava/lang/String;Z)Ljava/lang/Class; @ 38
Event: 2,085 Thread 0x00007f1da0008800 Uncommon trap: reason=bimorphic action=maybe_recompile pc=0x00007f1e053f8bac method=java.lang.ClassLoader.loadClass(Ljava/lang/String;Z)Ljava/lang/Class; @ 38

Classes redefined (0 events):
No events

Internal exceptions (10 events):
Event: 2,090 Thread 0x00007f1da0008800 Exception <a 'java/lang/NoSuchMethodError': <clinit>> (0x00000000e18be7d8) thrown at [/usr/local/google/home/ralucas/source/AOSP-openjdk-git/jdk8u/hotspot/src/share/vm/prims/jni.cpp, line 1613]
Event: 2,114 Thread 0x00007f1da0008800 Exception <a 'java/lang/NoSuchMethodError': <clinit>> (0x00000000e1907d38) thrown at [/usr/local/google/home/ralucas/source/AOSP-openjdk-git/jdk8u/hotspot/src/share/vm/prims/jni.cpp, line 1613]
Event: 2,115 Thread 0x00007f1da0008800 Exception <a 'java/lang/NoSuchMethodError': <clinit>> (0x00000000e1915800) thrown at [/usr/local/google/home/ralucas/source/AOSP-openjdk-git/jdk8u/hotspot/src/share/vm/prims/jni.cpp, line 1613]
Event: 2,125 Thread 0x00007f1da0008800 Exception <a 'java/lang/NoSuchMethodError': <clinit>> (0x00000000e19931f8) thrown at [/usr/local/google/home/ralucas/source/AOSP-openjdk-git/jdk8u/hotspot/src/share/vm/prims/jni.cpp, line 1613]
Event: 2,125 Thread 0x00007f1da0008800 Exception <a 'java/lang/NoSuchMethodError': <clinit>> (0x00000000e1996eb8) thrown at [/usr/local/google/home/ralucas/source/AOSP-openjdk-git/jdk8u/hotspot/src/share/vm/prims/jni.cpp, line 1613]
Event: 2,125 Thread 0x00007f1da0008800 Exception <a 'java/lang/NoSuchMethodError': <clinit>> (0x00000000e19989c0) thrown at [/usr/local/google/home/ralucas/source/AOSP-openjdk-git/jdk8u/hotspot/src/share/vm/prims/jni.cpp, line 1613]
Event: 34,465 Thread 0x00007f1da0008800 Exception <a 'java/lang/ClassNotFoundException': groovy/lang/ExpandoMetaClassBeanInfo> (0x00000000e0ac6ad8) thrown at [/usr/local/google/home/ralucas/source/AOSP-openjdk-git/jdk8u/hotspot/src/share/vm/classfile/systemDictionary.cpp, line 210]
Event: 34,465 Thread 0x00007f1da0008800 Exception <a 'java/lang/ClassNotFoundException': groovy/lang/MetaClassImplBeanInfo> (0x00000000e0ad4b88) thrown at [/usr/local/google/home/ralucas/source/AOSP-openjdk-git/jdk8u/hotspot/src/share/vm/classfile/systemDictionary.cpp, line 210]
Event: 34,465 Thread 0x00007f1da0008800 Exception <a 'java/lang/ClassNotFoundException': java/lang/ObjectBeanInfo> (0x00000000e0adb300) thrown at [/usr/local/google/home/ralucas/source/AOSP-openjdk-git/jdk8u/hotspot/src/share/vm/classfile/systemDictionary.cpp, line 210]
Event: 34,466 Thread 0x00007f1da0008800 Exception <a 'java/lang/ClassNotFoundException': java/lang/ObjectCustomizer> (0x00000000e0ae1bc0) thrown at [/usr/local/google/home/ralucas/source/AOSP-openjdk-git/jdk8u/hotspot/src/share/vm/classfile/systemDictionary.cpp, line 210]

Events (10 events):
Event: 34,465 loading class java/lang/ObjectCustomizer
Event: 34,465 loading class java/lang/ObjectCustomizer done
Event: 34,466 loading class java/lang/ObjectCustomizer
Event: 34,466 loading class java/lang/ObjectCustomizer done
Event: 34,466 loading class com/sun/beans/finder/MethodFinder
Event: 34,467 loading class com/sun/beans/finder/AbstractFinder
Event: 34,467 loading class com/sun/beans/finder/AbstractFinder done
Event: 34,467 loading class com/sun/beans/finder/MethodFinder done
Event: 34,467 loading class com/sun/beans/finder/MethodFinder$1
Event: 34,471 Executing VM operation: CollectForMetadataAllocation


Dynamic libraries:
00400000-00401000 r-xp 00000000 08:11 32380570                           /home/pollux/Programms/android-studio/jre/bin/java
00600000-00601000 r--p 00000000 08:11 32380570                           /home/pollux/Programms/android-studio/jre/bin/java
00601000-00602000 rw-p 00001000 08:11 32380570                           /home/pollux/Programms/android-studio/jre/bin/java
00782000-007a3000 rw-p 00000000 00:00 0                                  [heap]
a0000000-a5400000 rw-p 00000000 00:00 0 
a5400000-e0000000 ---p 00000000 00:00 0 
e0000000-e4a00000 rw-p 00000000 00:00 0 
e9300000-100000000 ---p 00000000 00:00 0 
100000000-100300000 rw-p 00000000 00:00 0 
100300000-140000000 ---p 00000000 00:00 0 
7f1d80000000-7f1d80021000 rw-p 00000000 00:00 0 
7f1d80021000-7f1d84000000 ---p 00000000 00:00 0 
7f1d88000000-7f1d88021000 rw-p 00000000 00:00 0 
7f1d88021000-7f1d8c000000 ---p 00000000 00:00 0 
7f1d8c000000-7f1d8c021000 rw-p 00000000 00:00 0 
7f1d8c021000-7f1d90000000 ---p 00000000 00:00 0 
7f1d90000000-7f1d9027f000 rw-p 00000000 00:00 0 
7f1d9027f000-7f1d94000000 ---p 00000000 00:00 0 
7f1d94000000-7f1d94021000 rw-p 00000000 00:00 0 
7f1d94021000-7f1d98000000 ---p 00000000 00:00 0 
7f1d98000000-7f1d98021000 rw-p 00000000 00:00 0 
7f1d98021000-7f1d9c000000 ---p 00000000 00:00 0 
7f1d9c000000-7f1d9ccb0000 rw-p 00000000 00:00 0 
7f1d9ccb0000-7f1da0000000 ---p 00000000 00:00 0 
7f1da0000000-7f1da0021000 rw-p 00000000 00:00 0 
7f1da0021000-7f1da4000000 ---p 00000000 00:00 0 
7f1da4000000-7f1da402c000 rw-p 00000000 00:00 0 
7f1da402c000-7f1da8000000 ---p 00000000 00:00 0 
7f1da8000000-7f1da8077000 rw-p 00000000 00:00 0 
7f1da8077000-7f1dac000000 ---p 00000000 00:00 0 
7f1dac000000-7f1dac021000 rw-p 00000000 00:00 0 
7f1dac021000-7f1db0000000 ---p 00000000 00:00 0 
7f1db0000000-7f1db0021000 rw-p 00000000 00:00 0 
7f1db0021000-7f1db4000000 ---p 00000000 00:00 0 
7f1db4000000-7f1db4021000 rw-p 00000000 00:00 0 
7f1db4021000-7f1db8000000 ---p 00000000 00:00 0 
7f1db8000000-7f1db9e39000 rw-p 00000000 00:00 0 
7f1db9e39000-7f1dbc000000 ---p 00000000 00:00 0 
7f1dbc000000-7f1dbc69b000 rw-p 00000000 00:00 0 
7f1dbc69b000-7f1dc0000000 ---p 00000000 00:00 0 
7f1dc0000000-7f1dc1aa1000 rw-p 00000000 00:00 0 
7f1dc1aa1000-7f1dc4000000 ---p 00000000 00:00 0 
7f1dc4000000-7f1dc5e96000 rw-p 00000000 00:00 0 
7f1dc5e96000-7f1dc8000000 ---p 00000000 00:00 0 
7f1dc8000000-7f1dc8021000 rw-p 00000000 00:00 0 
7f1dc8021000-7f1dcc000000 ---p 00000000 00:00 0 
7f1dcc000000-7f1dcc021000 rw-p 00000000 00:00 0 
7f1dcc021000-7f1dd0000000 ---p 00000000 00:00 0 
7f1dd0000000-7f1dd0280000 rw-p 00000000 00:00 0 
7f1dd0280000-7f1dd4000000 ---p 00000000 00:00 0 
7f1dd4000000-7f1dd4021000 rw-p 00000000 00:00 0 
7f1dd4021000-7f1dd8000000 ---p 00000000 00:00 0 
7f1dd8000000-7f1dd8021000 rw-p 00000000 00:00 0 
7f1dd8021000-7f1ddc000000 ---p 00000000 00:00 0 
7f1ddc000000-7f1ddc021000 rw-p 00000000 00:00 0 
7f1ddc021000-7f1de0000000 ---p 00000000 00:00 0 
7f1de0000000-7f1de0021000 rw-p 00000000 00:00 0 
7f1de0021000-7f1de4000000 ---p 00000000 00:00 0 
7f1de5ad3000-7f1de5c93000 rw-p 00000000 00:00 0 
7f1de5c93000-7f1de5cd3000 ---p 00000000 00:00 0 
7f1de5cd3000-7f1de5ed3000 rw-p 00000000 00:00 0 
7f1de5f33000-7f1de6074000 r--s 02315000 08:11 32900575                   /home/pollux/.gradle/caches/jars-3/e21abb8cdbab4501d66261b42046af7b/android.jar
7f1de6074000-7f1de607a000 r--s 0002b000 08:11 32899463                   /home/pollux/.gradle/caches/jars-3/d49eb9780029713c9c8fdae1e164e02e/gradle-messaging-4.0.jar
7f1de607a000-7f1de60c1000 r--s 0023e000 08:11 32899461                   /home/pollux/.gradle/caches/jars-3/367c9b9c4fab7054d02cacd70b53894c/gradle-core-4.0.jar
7f1de60c1000-7f1de60c6000 r--s 00041000 08:11 32899459                   /home/pollux/.gradle/caches/jars-3/aee7855bdca982f949ec3186b02c526c/commons-lang-2.6.jar
7f1de60c6000-7f1de60d1000 r--s 00053000 08:11 32899457                   /home/pollux/.gradle/caches/jars-3/c06e76c9368a06aff37befc193dcbbeb/gradle-base-services-4.0.jar
7f1de60d1000-7f1de60f9000 r--s 001cf000 08:11 32899455                   /home/pollux/.gradle/caches/jars-3/ca08947540925f2914d21c73bec56045/guava-jdk5-17.0.jar
7f1de60f9000-7f1de6106000 r--s 00043000 08:11 32899453                   /home/pollux/.gradle/caches/jars-3/77c29fea57888ca08f7c4993bfcb0df4/gradle-tooling-api-4.0.jar
7f1de6106000-7f1de617f000 r--s 010fd000 08:11 32380564                   /home/pollux/Programms/android-studio/jre/lib/tools.jar
7f1de617f000-7f1de6182000 ---p 00000000 00:00 0 
7f1de6182000-7f1de6480000 rw-p 00000000 00:00 0 
7f1de6480000-7f1de6483000 ---p 00000000 00:00 0 
7f1de6483000-7f1de6581000 rw-p 00000000 00:00 0 
7f1de6581000-7f1de6584000 ---p 00000000 00:00 0 
7f1de6584000-7f1de6682000 rw-p 00000000 00:00 0 
7f1de6682000-7f1de6685000 ---p 00000000 00:00 0 
7f1de6685000-7f1de6783000 rw-p 00000000 00:00 0 
7f1de6783000-7f1de6786000 ---p 00000000 00:00 0 
7f1de6786000-7f1de6a84000 rw-p 00000000 00:00 0 
7f1de6a84000-7f1de6a87000 ---p 00000000 00:00 0 
7f1de6a87000-7f1de6b85000 rw-p 00000000 00:00 0 
7f1de6b85000-7f1de6b88000 ---p 00000000 00:00 0 
7f1de6b88000-7f1de6c86000 rw-p 00000000 00:00 0 
7f1de6c86000-7f1de6c89000 ---p 00000000 00:00 0 
7f1de6c89000-7f1de6d87000 rw-p 00000000 00:00 0 
7f1de6d87000-7f1de6d8a000 ---p 00000000 00:00 0 
7f1de6d8a000-7f1de6e88000 rw-p 00000000 00:00 0 
7f1de6e88000-7f1de6e8b000 ---p 00000000 00:00 0 
7f1de6e8b000-7f1de6f89000 rw-p 00000000 00:00 0 
7f1de6f89000-7f1de6f90000 r--s 00000000 08:11 394841                     /usr/lib/x86_64-linux-gnu/gconv/gconv-modules.cache
7f1de6f90000-7f1de6f93000 ---p 00000000 00:00 0 
7f1de6f93000-7f1de7091000 rw-p 00000000 00:00 0 
7f1de7091000-7f1de7096000 r--s 0009a000 08:11 32380703                   /home/pollux/Programms/android-studio/jre/jre/lib/jsse.jar
7f1de7096000-7f1de7296000 rw-p 00000000 00:00 0 
7f1de7296000-7f1de729f000 r-xp 00000000 08:11 32380658                   /home/pollux/Programms/android-studio/jre/jre/lib/amd64/libmanagement.so
7f1de729f000-7f1de749e000 ---p 00009000 08:11 32380658                   /home/pollux/Programms/android-studio/jre/jre/lib/amd64/libmanagement.so
7f1de749e000-7f1de749f000 r--p 00008000 08:11 32380658                   /home/pollux/Programms/android-studio/jre/jre/lib/amd64/libmanagement.so
7f1de749f000-7f1de74a0000 rw-p 00009000 08:11 32380658                   /home/pollux/Programms/android-studio/jre/jre/lib/amd64/libmanagement.so
7f1de74a0000-7f1de74a2000 r--s 00007000 08:11 31821203                   /home/pollux/.gradle/wrapper/dists/gradle-4.4-all/9br9xq1tocpiv8o6njlyu5op1/gradle-4.4/lib/plugins/gradle-tooling-api-builders-4.4.jar
7f1de74a2000-7f1de74a6000 r--s 00014000 08:11 31821188                   /home/pollux/.gradle/wrapper/dists/gradle-4.4-all/9br9xq1tocpiv8o6njlyu5op1/gradle-4.4/lib/plugins/gradle-testing-native-4.4.jar
7f1de74a6000-7f1de74a8000 r--s 00009000 08:11 31821292                   /home/pollux/.gradle/wrapper/dists/gradle-4.4-all/9br9xq1tocpiv8o6njlyu5op1/gradle-4.4/lib/plugins/hamcrest-core-1.3.jar
7f1de74a8000-7f1de74ad000 r--s 0005a000 08:11 31821249                   /home/pollux/.gradle/wrapper/dists/gradle-4.4-all/9br9xq1tocpiv8o6njlyu5op1/gradle-4.4/lib/plugins/bsh-2.0b6.jar
7f1de74ad000-7f1de74af000 r--s 00006000 08:11 31821288                   /home/pollux/.gradle/wrapper/dists/gradle-4.4-all/9br9xq1tocpiv8o6njlyu5op1/gradle-4.4/lib/plugins/jcommander-1.12.jar
7f1de74af000-7f1de74b5000 r--s 00033000 08:11 31821289                   /home/pollux/.gradle/wrapper/dists/gradle-4.4-all/9br9xq1tocpiv8o6njlyu5op1/gradle-4.4/lib/plugins/snakeyaml-1.6.jar
7f1de74b5000-7f1de74be000 r--s 00089000 08:11 31821247                   /home/pollux/.gradle/wrapper/dists/gradle-4.4-all/9br9xq1tocpiv8o6njlyu5op1/gradle-4.4/lib/plugins/testng-6.3.1.jar
7f1de74be000-7f1de74c6000 r--s 00045000 08:11 31821248                   /home/pollux/.gradle/wrapper/dists/gradle-4.4-all/9br9xq1tocpiv8o6njlyu5op1/gradle-4.4/lib/plugins/junit-4.12.jar
7f1de74c6000-7f1de74ca000 r--s 00019000 08:11 31821209                   /home/pollux/.gradle/wrapper/dists/gradle-4.4-all/9br9xq1tocpiv8o6njlyu5op1/gradle-4.4/lib/plugins/gradle-testing-jvm-4.4.jar
7f1de74ca000-7f1de74d2000 r--s 00030000 08:11 31821215                   /home/pollux/.gradle/wrapper/dists/gradle-4.4-all/9br9xq1tocpiv8o6njlyu5op1/gradle-4.4/lib/plugins/gradle-testing-base-4.4.jar
7f1de74d2000-7f1de74d9000 r--s 00043000 08:11 31821242                   /home/pollux/.gradle/wrapper/dists/gradle-4.4-all/9br9xq1tocpiv8o6njlyu5op1/gradle-4.4/lib/plugins/bcpg-jdk15on-1.58.jar
7f1de74d9000-7f1de74db000 r--s 0000c000 08:11 31821186                   /home/pollux/.gradle/wrapper/dists/gradle-4.4-all/9br9xq1tocpiv8o6njlyu5op1/gradle-4.4/lib/plugins/gradle-signing-4.4.jar
7f1de74db000-7f1de74dd000 r--s 00007000 08:11 31821194                   /home/pollux/.gradle/wrapper/dists/gradle-4.4-all/9br9xq1tocpiv8o6njlyu5op1/gradle-4.4/lib/plugins/gradle-scala-4.4.jar
7f1de74dd000-7f1de74de000 r--s 00004000 08:11 31821225                   /home/pollux/.gradle/wrapper/dists/gradle-4.4-all/9br9xq1tocpiv8o6njlyu5op1/gradle-4.4/lib/plugins/gradle-resources-sftp-4.4.jar
7f1de74de000-7f1de74ec000 r--s 00087000 08:11 31821257                   /home/pollux/.gradle/wrapper/dists/gradle-4.4-all/9br9xq1tocpiv8o6njlyu5op1/gradle-4.4/lib/plugins/aws-java-sdk-core-1.11.6.jar
7f1de74ec000-7f1de74f3000 r--s 00057000 08:11 31821256                   /home/pollux/.gradle/wrapper/dists/gradle-4.4-all/9br9xq1tocpiv8o6njlyu5op1/gradle-4.4/lib/plugins/aws-java-sdk-kms-1.11.6.jar
7f1de74f3000-7f1de7500000 r--s 0008e000 08:11 31821255                   /home/pollux/.gradle/wrapper/dists/gradle-4.4-all/9br9xq1tocpiv8o6njlyu5op1/gradle-4.4/lib/plugins/aws-java-sdk-s3-1.11.6.jar
7f1de7500000-7f1de7502000 r--s 00004000 08:11 31821220                   /home/pollux/.gradle/wrapper/dists/gradle-4.4-all/9br9xq1tocpiv8o6njlyu5op1/gradle-4.4/lib/plugins/gradle-resources-s3-4.4.jar
7f1de7502000-7f1de7512000 r--s 00088000 08:11 31821261                   /home/pollux/.gradle/wrapper/dists/gradle-4.4-all/9br9xq1tocpiv8o6njlyu5op1/gradle-4.4/lib/plugins/joda-time-2.8.2.jar
7f1de7512000-7f1de7524000 r--s 0011e000 08:11 31821260                   /home/pollux/.gradle/wrapper/dists/gradle-4.4-all/9br9xq1tocpiv8o6njlyu5op1/gradle-4.4/lib/plugins/jackson-databind-2.8.9.jar
7f1de7524000-7f1de7527000 r--s 0000b000 08:11 31821259                   /home/pollux/.gradle/wrapper/dists/gradle-4.4-all/9br9xq1tocpiv8o6njlyu5op1/gradle-4.4/lib/plugins/jackson-annotations-2.8.9.jar
7f1de7527000-7f1de752b000 r--s 00042000 08:11 31821258                   /home/pollux/.gradle/wrapper/dists/gradle-4.4-all/9br9xq1tocpiv8o6njlyu5op1/gradle-4.4/lib/plugins/jackson-core-2.8.9.jar
7f1de752b000-7f1de752c000 r--s 00001000 08:11 31821232                   /home/pollux/.gradle/wrapper/dists/gradle-4.4-all/9br9xq1tocpiv8o6njlyu5op1/gradle-4.4/lib/plugins/google-http-client-jackson2-1.22.0.jar
7f1de752c000-7f1de7535000 r--s 0004f000 08:11 31821233                   /home/pollux/.gradle/wrapper/dists/gradle-4.4-all/9br9xq1tocpiv8o6njlyu5op1/gradle-4.4/lib/plugins/google-http-client-1.22.0.jar
7f1de7535000-7f1de7537000 r--s 0000d000 08:11 31821231                   /home/pollux/.gradle/wrapper/dists/gradle-4.4-all/9br9xq1tocpiv8o6njlyu5op1/gradle-4.4/lib/plugins/google-oauth-client-1.22.0.jar
7f1de7537000-7f1de753c000 r--s 0002c000 08:11 31821230                   /home/pollux/.gradle/wrapper/dists/gradle-4.4-all/9br9xq1tocpiv8o6njlyu5op1/gradle-4.4/lib/plugins/google-api-client-1.22.0.jar
7f1de753c000-7f1de753f000 r--s 00016000 08:11 31821229                   /home/pollux/.gradle/wrapper/dists/gradle-4.4-all/9br9xq1tocpiv8o6njlyu5op1/gradle-4.4/lib/plugins/google-api-services-storage-v1-rev78-1.22.0.jar
7f1de753f000-7f1de7541000 r--s 00003000 08:11 31821221                   /home/pollux/.gradle/wrapper/dists/gradle-4.4-all/9br9xq1tocpiv8o6njlyu5op1/gradle-4.4/lib/plugins/gradle-resources-gcs-4.4.jar
7f1de7541000-7f1de7543000 r--s 00010000 08:11 31821216                   /home/pollux/.gradle/wrapper/dists/gradle-4.4-all/9br9xq1tocpiv8o6njlyu5op1/gradle-4.4/lib/plugins/gradle-reporting-4.4.jar
7f1de7543000-7f1de7545000 r--s 00005000 08:11 31821217                   /home/pollux/.gradle/wrapper/dists/gradle-4.4-all/9br9xq1tocpiv8o6njlyu5op1/gradle-4.4/lib/plugins/gradle-publish-4.4.jar
7f1de7545000-7f1de7547000 r--s 00009000 08:11 31821235                   /home/pollux/.gradle/wrapper/dists/gradle-4.4-all/9br9xq1tocpiv8o6njlyu5op1/gradle-4.4/lib/plugins/commons-cli-1.2.jar
7f1de7547000-7f1de754d000 r--s 00038000 08:11 31821202                   /home/pollux/.gradle/wrapper/dists/gradle-4.4-all/9br9xq1tocpiv8o6njlyu5op1/gradle-4.4/lib/plugins/gradle-plugins-4.4.jar
7f1de754d000-7f1de754f000 r--s 00009000 08:11 31821190                   /home/pollux/.gradle/wrapper/dists/gradle-4.4-all/9br9xq1tocpiv8o6njlyu5op1/gradle-4.4/lib/plugins/gradle-plugin-development-4.4.jar
7f1de754f000-7f1de7556000 r--s 0002e000 08:11 31821197                   /home/pollux/.gradle/wrapper/dists/gradle-4.4-all/9br9xq1tocpiv8o6njlyu5op1/gradle-4.4/lib/plugins/gradle-platform-play-4.4.jar
7f1de7556000-7f1de7567000 r--s 00069000 08:11 31821213                   /home/pollux/.gradle/wrapper/dists/gradle-4.4-all/9br9xq1tocpiv8o6njlyu5op1/gradle-4.4/lib/plugins/gradle-platform-native-4.4.jar
7f1de7567000-7f1de756b000 r--s 0001b000 08:11 31821212                   /home/pollux/.gradle/wrapper/dists/gradle-4.4-all/9br9xq1tocpiv8o6njlyu5op1/gradle-4.4/lib/plugins/gradle-platform-jvm-4.4.jar
7f1de756b000-7f1de7572000 r--s 00028000 08:11 31821218                   /home/pollux/.gradle/wrapper/dists/gradle-4.4-all/9br9xq1tocpiv8o6njlyu5op1/gradle-4.4/lib/plugins/gradle-platform-base-4.4.jar
7f1de7572000-7f1de759d000 r--s 00247000 08:11 31821236                   /home/pollux/.gradle/wrapper/dists/gradle-4.4-all/9br9xq1tocpiv8o6njlyu5op1/gradle-4.4/lib/plugins/biz.aQute.bndlib-3.4.0.jar
7f1de759d000-7f1de759e000 r--s 00004000 08:11 31821185                   /home/pollux/.gradle/wrapper/dists/gradle-4.4-all/9br9xq1tocpiv8o6njlyu5op1/gradle-4.4/lib/plugins/gradle-osgi-4.4.jar
7f1de759e000-7f1de75a1000 r--s 0000c000 08:11 31821239                   /home/pollux/.gradle/wrapper/dists/gradle-4.4-all/9br9xq1tocpiv8o6njlyu5op1/gradle-4.4/lib/plugins/pmaven-groovy-0.8-20100325.jar
7f1de75a1000-7f1de75a2000 r--s 00004000 08:11 31821238                   /home/pollux/.gradle/wrapper/dists/gradle-4.4-all/9br9xq1tocpiv8o6njlyu5op1/gradle-4.4/lib/plugins/pmaven-common-0.8-20100325.jar
7f1de75a2000-7f1de75a8000 r--s 00025000 08:11 31821191                   /home/pollux/.gradle/wrapper/dists/gradle-4.4-all/9br9xq1tocpiv8o6njlyu5op1/gradle-4.4/lib/plugins/gradle-maven-4.4.jar
7f1de75a8000-7f1de75ab000 r--s 0000b000 08:11 31821208                   /home/pollux/.gradle/wrapper/dists/gradle-4.4-all/9br9xq1tocpiv8o6njlyu5op1/gradle-4.4/lib/plugins/gradle-language-scala-4.4.jar
7f1de75ab000-7f1de75b4000 r--s 00036000 08:11 31821189                   /home/pollux/.gradle/wrapper/dists/gradle-4.4-all/9br9xq1tocpiv8o6njlyu5op1/gradle-4.4/lib/plugins/gradle-language-native-4.4.jar
7f1de75b4000-7f1de75b6000 r--s 00005000 08:11 31821211                   /home/pollux/.gradle/wrapper/dists/gradle-4.4-all/9br9xq1tocpiv8o6njlyu5op1/gradle-4.4/lib/plugins/gradle-language-jvm-4.4.jar
7f1de75b6000-7f1de75bd000 r--s 00030000 08:11 31821210                   /home/pollux/.gradle/wrapper/dists/gradle-4.4-all/9br9xq1tocpiv8o6njlyu5op1/gradle-4.4/lib/plugins/gradle-language-java-4.4.jar
7f1de75bd000-7f1de75c0000 r--s 0000a000 08:11 31821207                   /home/pollux/.gradle/wrapper/dists/gradle-4.4-all/9br9xq1tocpiv8o6njlyu5op1/gradle-4.4/lib/plugins/gradle-language-groovy-4.4.jar
7f1de75c0000-7f1de75c7000 r--s 00035000 08:11 31821245                   /home/pollux/.gradle/wrapper/dists/gradle-4.4-all/9br9xq1tocpiv8o6njlyu5op1/gradle-4.4/lib/plugins/simple-4.1.21.jar
7f1de75c7000-7f1de75d3000 r--s 00100000 08:11 31821243                   /home/pollux/.gradle/wrapper/dists/gradle-4.4-all/9br9xq1tocpiv8o6njlyu5op1/gradle-4.4/lib/plugins/rhino-1.7R3.jar
7f1de75d3000-7f1de75d7000 r--s 00011000 08:11 31821198                   /home/pollux/.gradle/wrapper/dists/gradle-4.4-all/9br9xq1tocpiv8o6njlyu5op1/gradle-4.4/lib/plugins/gradle-javascript-4.4.jar
7f1de75d7000-7f1de75da000 r--s 00011000 08:11 31821200                   /home/pollux/.gradle/wrapper/dists/gradle-4.4-all/9br9xq1tocpiv8o6njlyu5op1/gradle-4.4/lib/plugins/gradle-jacoco-4.4.jar
7f1de75da000-7f1de75de000 r--s 0000e000 08:11 31821199                   /home/pollux/.gradle/wrapper/dists/gradle-4.4-all/9br9xq1tocpiv8o6njlyu5op1/gradle-4.4/lib/plugins/gradle-ivy-4.4.jar
7f1de75de000-7f1de75df000 r--s 00002000 08:11 31821192                   /home/pollux/.gradle/wrapper/dists/gradle-4.4-all/9br9xq1tocpiv8o6njlyu5op1/gradle-4.4/lib/plugins/gradle-ide-play-4.4.jar
7f1de75df000-7f1de75e0000 r--s 00011000 08:11 31821246                   /home/pollux/.gradle/wrapper/dists/gradle-4.4-all/9br9xq1tocpiv8o6njlyu5op1/gradle-4.4/lib/plugins/dd-plist-1.20.jar
7f1de75e0000-7f1de75e6000 r--s 00027000 08:11 31821187                   /home/pollux/.gradle/wrapper/dists/gradle-4.4-all/9br9xq1tocpiv8o6njlyu5op1/gradle-4.4/lib/plugins/gradle-ide-native-4.4.jar
7f1de75e6000-7f1de75f0000 r--s 00056000 08:11 31821193                   /home/pollux/.gradle/wrapper/dists/gradle-4.4-all/9br9xq1tocpiv8o6njlyu5op1/gradle-4.4/lib/plugins/gradle-ide-4.4.jar
7f1de75f0000-7f1de75f2000 r--s 00007000 08:11 31821196                   /home/pollux/.gradle/wrapper/dists/gradle-4.4-all/9br9xq1tocpiv8o6njlyu5op1/gradle-4.4/lib/plugins/gradle-ear-4.4.jar
7f1de75f2000-7f1de75f4000 r--s 00005000 08:11 31821228                   /home/pollux/.gradle/wrapper/dists/gradle-4.4-all/9br9xq1tocpiv8o6njlyu5op1/gradle-4.4/lib/plugins/jatl-0.2.2.jar
7f1de75f4000-7f1de75fa000 r--s 00039000 08:11 31821214                   /home/pollux/.gradle/wrapper/dists/gradle-4.4-all/9br9xq1tocpiv8o6njlyu5op1/gradle-4.4/lib/plugins/gradle-diagnostics-4.4.jar
7f1de75fa000-7f1de75fc000 r--s 0000b000 08:11 31821205                   /home/pollux/.gradle/wrapper/dists/gradle-4.4-all/9br9xq1tocpiv8o6njlyu5op1/gradle-4.4/lib/plugins/gradle-composite-builds-4.4.jar
7f1de75fc000-7f1de7601000 r--s 00026000 08:11 31821183                   /home/pollux/.gradle/wrapper/dists/gradle-4.4-all/9br9xq1tocpiv8o6njlyu5op1/gradle-4.4/lib/plugins/gradle-code-quality-4.4.jar
7f1de7601000-7f1de7606000 r--s 00022000 08:11 31821201                   /home/pollux/.gradle/wrapper/dists/gradle-4.4-all/9br9xq1tocpiv8o6njlyu5op1/gradle-4.4/lib/plugins/gradle-build-init-4.4.jar
7f1de7606000-7f1de760d000 r--s 0005d000 08:11 31821195                   /home/pollux/.gradle/wrapper/dists/gradle-4.4-all/9br9xq1tocpiv8o6njlyu5op1/gradle-4.4/lib/plugins/gradle-build-comparison-4.4.jar
7f1de760d000-7f1de760e000 r--s 00002000 08:11 31821222                   /home/pollux/.gradle/wrapper/dists/gradle-4.4-all/9br9xq1tocpiv8o6njlyu5op1/gradle-4.4/lib/plugins/gradle-build-cache-http-4.4.jar
7f1de760e000-7f1de7610000 r--s 00008000 08:11 31821184                   /home/pollux/.gradle/wrapper/dists/gradle-4.4-all/9br9xq1tocpiv8o6njlyu5op1/gradle-4.4/lib/plugins/gradle-antlr-4.4.jar
7f1de7610000-7f1de7612000 r--s 00004000 08:11 31821206                   /home/pollux/.gradle/wrapper/dists/gradle-4.4-all/9br9xq1tocpiv8o6njlyu5op1/gradle-4.4/lib/plugins/gradle-announce-4.4.jar
7f1de7612000-7f1de7614000 r--s 00009000 08:11 31820891                   /home/pollux/.gradle/wrapper/dists/gradle-4.4-all/9br9xq1tocpiv8o6njlyu5op1/gradle-4.4/lib/gradle-kotlin-dsl-tooling-builders-0.13.1.jar
7f1de7614000-7f1de7617000 r--s 0000b000 08:11 31821219                   /home/pollux/.gradle/wrapper/dists/gradle-4.4-all/9br9xq1tocpiv8o6njlyu5op1/gradle-4.4/lib/plugins/gradle-plugin-use-4.4.jar
7f1de7617000-7f1de7618000 r--s 00000000 08:11 31820907                   /home/pollux/.gradle/wrapper/dists/gradle-4.4-all/9br9xq1tocpiv8o6njlyu5op1/gradle-4.4/lib/gradle-runtime-api-info-4.4.jar
7f1de7618000-7f1de761b000 r--s 0001c000 08:11 31821251                   /home/pollux/.gradle/wrapper/dists/gradle-4.4-all/9br9xq1tocpiv8o6njlyu5op1/gradle-4.4/lib/plugins/nekohtml-1.9.14.jar
7f1de761b000-7f1de7634000 r--s 00135000 08:11 31821252                   /home/pollux/.gradle/wrapper/dists/gradle-4.4-all/9br9xq1tocpiv8o6njlyu5op1/gradle-4.4/lib/plugins/xercesImpl-2.11.0.jar
7f1de7634000-7f1de7637000 r--s 0000c000 08:11 31821224                   /home/pollux/.gradle/wrapper/dists/gradle-4.4-all/9br9xq1tocpiv8o6njlyu5op1/gradle-4.4/lib/plugins/gradle-resources-http-4.4.jar
7f1de7637000-7f1de763e000 r--s 00049000 08:11 31821290                   /home/pollux/.gradle/wrapper/dists/gradle-4.4-all/9br9xq1tocpiv8o6njlyu5op1/gradle-4.4/lib/plugins/httpcore-4.4.4.jar
7f1de763e000-7f1de7644000 r--s 00033000 08:11 31821241                   /home/pollux/.gradle/wrapper/dists/gradle-4.4-all/9br9xq1tocpiv8o6njlyu5op1/gradle-4.4/lib/plugins/commons-codec-1.6.jar
7f1de7644000-7f1de7651000 r--s 000a4000 08:11 31821234                   /home/pollux/.gradle/wrapper/dists/gradle-4.4-all/9br9xq1tocpiv8o6njlyu5op1/gradle-4.4/lib/plugins/httpclient-4.4.1.jar
7f1de7651000-7f1de7667000 r-xp 00000000 08:11 20520757                   /lib/x86_64-linux-gnu/libgcc_s.so.1
7f1de7667000-7f1de7866000 ---p 00016000 08:11 20520757                   /lib/x86_64-linux-gnu/libgcc_s.so.1
7f1de7866000-7f1de7867000 rw-p 00015000 08:11 20520757                   /lib/x86_64-linux-gnu/libgcc_s.so.1
7f1de7867000-7f1de79d9000 r-xp 00000000 08:11 327981                     /usr/lib/x86_64-linux-gnu/libstdc++.so.6.0.21
7f1de79d9000-7f1de7bd9000 ---p 00172000 08:11 327981                     /usr/lib/x86_64-linux-gnu/libstdc++.so.6.0.21
7f1de7bd9000-7f1de7be3000 r--p 00172000 08:11 327981                     /usr/lib/x86_64-linux-gnu/libstdc++.so.6.0.21
7f1de7be3000-7f1de7be5000 rw-p 0017c000 08:11 327981                     /usr/lib/x86_64-linux-gnu/libstdc++.so.6.0.21
7f1de7be5000-7f1de7be9000 rw-p 00000000 00:00 0 
7f1de7be9000-7f1de7bee000 r-xp 00000000 08:11 32573115                   /home/pollux/.gradle/native/25/linux-amd64/libnative-platform.so
7f1de7bee000-7f1de7ded000 ---p 00005000 08:11 32573115                   /home/pollux/.gradle/native/25/linux-amd64/libnative-platform.so
7f1de7ded000-7f1de7dee000 rw-p 00004000 08:11 32573115                   /home/pollux/.gradle/native/25/linux-amd64/libnative-platform.so
7f1de7dee000-7f1de7dff000 r-xp 00000000 08:11 32380682                   /home/pollux/Programms/android-studio/jre/jre/lib/amd64/libnio.so
7f1de7dff000-7f1de7ffe000 ---p 00011000 08:11 32380682                   /home/pollux/Programms/android-studio/jre/jre/lib/amd64/libnio.so
7f1de7ffe000-7f1de7fff000 r--p 00010000 08:11 32380682                   /home/pollux/Programms/android-studio/jre/jre/lib/amd64/libnio.so
7f1de7fff000-7f1de8000000 rw-p 00011000 08:11 32380682                   /home/pollux/Programms/android-studio/jre/jre/lib/amd64/libnio.so
7f1de8000000-7f1de8021000 rw-p 00000000 00:00 0 
7f1de8021000-7f1dec000000 ---p 00000000 00:00 0 
7f1dec000000-7f1dec021000 rw-p 00000000 00:00 0 
7f1dec021000-7f1df0000000 ---p 00000000 00:00 0 
7f1df0000000-7f1df0021000 rw-p 00000000 00:00 0 
7f1df0021000-7f1df4000000 ---p 00000000 00:00 0 
7f1df4000000-7f1df4006000 r--s 0005b000 08:11 31821250                   /home/pollux/.gradle/wrapper/dists/gradle-4.4-all/9br9xq1tocpiv8o6njlyu5op1/gradle-4.4/lib/plugins/jcifs-1.3.17.jar
7f1df4006000-7f1df4029000 r--s 00223000 08:11 31821291                   /home/pollux/.gradle/wrapper/dists/gradle-4.4-all/9br9xq1tocpiv8o6njlyu5op1/gradle-4.4/lib/plugins/org.eclipse.jgit-4.5.3.201708160445-r.jar
7f1df4029000-7f1df402a000 r--s 00005000 08:11 31821227                   /home/pollux/.gradle/wrapper/dists/gradle-4.4-all/9br9xq1tocpiv8o6njlyu5op1/gradle-4.4/lib/plugins/gradle-version-control-4.4.jar
7f1df402a000-7f1df402b000 r--s 00000000 08:11 31820913                   /home/pollux/.gradle/wrapper/dists/gradle-4.4-all/9br9xq1tocpiv8o6njlyu5op1/gradle-4.4/lib/gradle-installation-beacon-4.4.jar
7f1df402b000-7f1df407e000 r--s 00373000 08:11 31821263                   /home/pollux/.gradle/wrapper/dists/gradle-4.4-all/9br9xq1tocpiv8o6njlyu5op1/gradle-4.4/lib/plugins/bcprov-jdk15on-1.58.jar
7f1df407e000-7f1df4082000 r--s 0001d000 08:11 31821262                   /home/pollux/.gradle/wrapper/dists/gradle-4.4-all/9br9xq1tocpiv8o6njlyu5op1/gradle-4.4/lib/plugins/xbean-reflect-3.4.jar
7f1df4082000-7f1df4084000 r--s 0000a000 08:11 31821264                   /home/pollux/.gradle/wrapper/dists/gradle-4.4-all/9br9xq1tocpiv8o6njlyu5op1/gradle-4.4/lib/plugins/maven-settings-3.0.4.jar
7f1df4084000-7f1df4087000 r--s 00008000 08:11 31821265                   /home/pollux/.gradle/wrapper/dists/gradle-4.4-all/9br9xq1tocpiv8o6njlyu5op1/gradle-4.4/lib/plugins/maven-settings-builder-3.0.4.jar
7f1df4087000-7f1df408a000 r--s 00034000 08:11 31821266                   /home/pollux/.gradle/wrapper/dists/gradle-4.4-all/9br9xq1tocpiv8o6njlyu5op1/gradle-4.4/lib/plugins/plexus-utils-2.1.jar
7f1df408a000-7f1df408c000 r--s 0000d000 08:11 31821267                   /home/pollux/.gradle/wrapper/dists/gradle-4.4-all/9br9xq1tocpiv8o6njlyu5op1/gradle-4.4/lib/plugins/plexus-interpolation-1.14.jar
7f1df408c000-7f1df408e000 r--s 00000000 08:11 31821240                   /home/pollux/.gradle/wrapper/dists/gradle-4.4-all/9br9xq1tocpiv8o6njlyu5op1/gradle-4.4/lib/plugins/plexus-component-annotations-1.5.5.jar
7f1df408e000-7f1df4095000 r--s 0002e000 08:11 31821268                   /home/pollux/.gradle/wrapper/dists/gradle-4.4-all/9br9xq1tocpiv8o6njlyu5op1/gradle-4.4/lib/plugins/plexus-container-default-1.5.5.jar
7f1df4095000-7f1df4097000 r--s 0000a000 08:11 31821269                   /home/pollux/.gradle/wrapper/dists/gradle-4.4-all/9br9xq1tocpiv8o6njlyu5op1/gradle-4.4/lib/plugins/plexus-classworlds-2.4.jar
7f1df4097000-7f1df4099000 r--s 00002000 08:11 31821270                   /home/pollux/.gradle/wrapper/dists/gradle-4.4-all/9br9xq1tocpiv8o6njlyu5op1/gradle-4.4/lib/plugins/plexus-cipher-1.7.jar
7f1df4099000-7f1df409a000 r--s 00006000 08:11 31821271                   /home/pollux/.gradle/wrapper/dists/gradle-4.4-all/9br9xq1tocpiv8o6njlyu5op1/gradle-4.4/lib/plugins/plexus-sec-dispatcher-1.3.jar
7f1df409a000-7f1df40a0000 r--s 0003f000 08:11 31821272                   /home/pollux/.gradle/wrapper/dists/gradle-4.4-all/9br9xq1tocpiv8o6njlyu5op1/gradle-4.4/lib/plugins/maven-compat-3.0.4.jar
7f1df40a0000-7f1df40a4000 r--s 00021000 08:11 31821273                   /home/pollux/.gradle/wrapper/dists/gradle-4.4-all/9br9xq1tocpiv8o6njlyu5op1/gradle-4.4/lib/plugins/maven-model-builder-3.0.4.jar
7f1df40a4000-7f1df40a6000 r--s 00026000 08:11 31821274                   /home/pollux/.gradle/wrapper/dists/gradle-4.4-all/9br9xq1tocpiv8o6njlyu5op1/gradle-4.4/lib/plugins/maven-model-3.0.4.jar
7f1df40a6000-7f1df40a8000 r--s 0000b000 08:11 31821275                   /home/pollux/.gradle/wrapper/dists/gradle-4.4-all/9br9xq1tocpiv8o6njlyu5op1/gradle-4.4/lib/plugins/maven-artifact-3.0.4.jar
7f1df40a8000-7f1df40aa000 r--s 00006000 08:11 31821276                   /home/pollux/.gradle/wrapper/dists/gradle-4.4-all/9br9xq1tocpiv8o6njlyu5op1/gradle-4.4/lib/plugins/maven-repository-metadata-3.0.4.jar
7f1df40aa000-7f1df40ac000 r--s 0000b000 08:11 31821277                   /home/pollux/.gradle/wrapper/dists/gradle-4.4-all/9br9xq1tocpiv8o6njlyu5op1/gradle-4.4/lib/plugins/maven-plugin-api-3.0.4.jar
7f1df40ac000-7f1df40ae000 r--s 0000c000 08:11 31821278                   /home/pollux/.gradle/wrapper/dists/gradle-4.4-all/9br9xq1tocpiv8o6njlyu5op1/gradle-4.4/lib/plugins/maven-aether-provider-3.0.4.jar
7f1df40ae000-7f1df40af000 r--s 00002000 08:11 31821279                   /home/pollux/.gradle/wrapper/dists/gradle-4.4-all/9br9xq1tocpiv8o6njlyu5op1/gradle-4.4/lib/plugins/wagon-file-2.4.jar
7f1df40af000-7f1df40b0000 r--s 00002000 08:11 31821280                   /home/pollux/.gradle/wrapper/dists/gradle-4.4-all/9br9xq1tocpiv8o6njlyu5op1/gradle-4.4/lib/plugins/wagon-http-2.4.jar
7f1df40b0000-7f1df40b2000 r--s 0000b000 08:11 31821281                   /home/pollux/.gradle/wrapper/dists/gradle-4.4-all/9br9xq1tocpiv8o6njlyu5op1/gradle-4.4/lib/plugins/wagon-provider-api-2.4.jar
7f1df40b2000-7f1df40b3000 r--s 00007000 08:11 31821282                   /home/pollux/.gradle/wrapper/dists/gradle-4.4-all/9br9xq1tocpiv8o6njlyu5op1/gradle-4.4/lib/plugins/wagon-http-shared4-2.4.jar
7f1df40b3000-7f1df40b6000 r--s 00013000 08:11 31821283                   /home/pollux/.gradle/wrapper/dists/gradle-4.4-all/9br9xq1tocpiv8o6njlyu5op1/gradle-4.4/lib/plugins/aether-api-1.13.1.jar
7f1df40b6000-7f1df40b9000 r--s 0001d000 08:11 31821284                   /home/pollux/.gradle/wrapper/dists/gradle-4.4-all/9br9xq1tocpiv8o6njlyu5op1/gradle-4.4/lib/plugins/aether-impl-1.13.1.jar
7f1df40b9000-7f1df40ba000 r--s 00003000 08:11 31821285                   /home/pollux/.gradle/wrapper/dists/gradle-4.4-all/9br9xq1tocpiv8o6njlyu5op1/gradle-4.4/lib/plugins/aether-spi-1.13.1.jar
7f1df40ba000-7f1df40be000 r--s 0001c000 08:11 31821286                   /home/pollux/.gradle/wrapper/dists/gradle-4.4-all/9br9xq1tocpiv8o6njlyu5op1/gradle-4.4/lib/plugins/aether-util-1.13.1.jar
7f1df40be000-7f1df40c0000 r--s 00006000 08:11 31821287                   /home/pollux/.gradle/wrapper/dists/gradle-4.4-all/9br9xq1tocpiv8o6njlyu5op1/gradle-4.4/lib/plugins/aether-connector-wagon-1.13.1.jar
7f1df40c0000-7f1df40cc000 r--s 0007d000 08:11 31821237                   /home/pollux/.gradle/wrapper/dists/gradle-4.4-all/9br9xq1tocpiv8o6njlyu5op1/gradle-4.4/lib/plugins/maven-core-3.0.4.jar
7f1df40cc000-7f1df40d1000 r--s 00034000 08:11 31821244                   /home/pollux/.gradle/wrapper/dists/gradle-4.4-all/9br9xq1tocpiv8o6njlyu5op1/gradle-4.4/lib/plugins/gson-2.7.jar
7f1df40d1000-7f1df40d6000 r--s 00040000 08:11 31821254                   /home/pollux/.gradle/wrapper/dists/gradle-4.4-all/9br9xq1tocpiv8o6njlyu5op1/gradle-4.4/lib/plugins/jsch-0.1.54.jar
7f1df40d6000-7f1df40e5000 r--s 000d9000 08:11 31821253                   /home/pollux/.gradle/wrapper/dists/gradle-4.4-all/9br9xq1tocpiv8o6njlyu5op1/gradle-4.4/lib/plugins/ivy-2.2.0.jar
7f1df40e5000-7f1df410b000 r--s 00133000 08:11 31821223                   /home/pollux/.gradle/wrapper/dists/gradle-4.4-all/9br9xq1tocpiv8o6njlyu5op1/gradle-4.4/lib/plugins/gradle-dependency-management-4.4.jar
7f1df410b000-7f1df410e000 r--s 0000d000 08:11 31821226                   /home/pollux/.gradle/wrapper/dists/gradle-4.4-all/9br9xq1tocpiv8o6njlyu5op1/gradle-4.4/lib/plugins/gradle-workers-4.4.jar
7f1df410e000-7f1df710f000 rw-p 00000000 00:00 0 
7f1df710f000-7f1df7125000 r-xp 00000000 08:11 32380661                   /home/pollux/Programms/android-studio/jre/jre/lib/amd64/libnet.so
7f1df7125000-7f1df7325000 ---p 00016000 08:11 32380661                   /home/pollux/Programms/android-studio/jre/jre/lib/amd64/libnet.so
7f1df7325000-7f1df7326000 r--p 00016000 08:11 32380661                   /home/pollux/Programms/android-studio/jre/jre/lib/amd64/libnet.so
7f1df7326000-7f1df7327000 rw-p 00017000 08:11 32380661                   /home/pollux/Programms/android-studio/jre/jre/lib/amd64/libnet.so
7f1df7327000-7f1df7328000 r--s 00006000 08:11 31820911                   /home/pollux/.gradle/wrapper/dists/gradle-4.4-all/9br9xq1tocpiv8o6njlyu5op1/gradle-4.4/lib/gradle-wrapper-4.4.jar
7f1df7328000-7f1df7336000 r--s 00046000 08:11 31820909                   /home/pollux/.gradle/wrapper/dists/gradle-4.4-all/9br9xq1tocpiv8o6njlyu5op1/gradle-4.4/lib/gradle-tooling-api-4.4.jar
7f1df7336000-7f1df7337000 r--s 00002000 08:11 31820903                   /home/pollux/.gradle/wrapper/dists/gradle-4.4-all/9br9xq1tocpiv8o6njlyu5op1/gradle-4.4/lib/kotlin-stdlib-jre8-1.1.51.jar
7f1df7337000-7f1df7338000 r--s 00000000 08:11 31820901                   /home/pollux/.gradle/wrapper/dists/gradle-4.4-all/9br9xq1tocpiv8o6njlyu5op1/gradle-4.4/lib/kotlin-stdlib-jre7-1.1.51.jar
7f1df7338000-7f1df7347000 r--s 000c9000 08:11 31820899                   /home/pollux/.gradle/wrapper/dists/gradle-4.4-all/9br9xq1tocpiv8o6njlyu5op1/gradle-4.4/lib/kotlin-stdlib-1.1.51.jar
7f1df7347000-7f1df7349000 r--s 00002000 08:11 31820897                   /home/pollux/.gradle/wrapper/dists/gradle-4.4-all/9br9xq1tocpiv8o6njlyu5op1/gradle-4.4/lib/kotlin-sam-with-receiver-compiler-plugin-1.1.51.jar
7f1df7349000-7f1df737c000 r--s 0022b000 08:11 31820896                   /home/pollux/.gradle/wrapper/dists/gradle-4.4-all/9br9xq1tocpiv8o6njlyu5op1/gradle-4.4/lib/kotlin-reflect-1.1.51.jar
7f1df737c000-7f1df755e000 r--s 01a42000 08:11 31820894                   /home/pollux/.gradle/wrapper/dists/gradle-4.4-all/9br9xq1tocpiv8o6njlyu5op1/gradle-4.4/lib/kotlin-compiler-embeddable-1.1.51.jar
7f1df755e000-7f1df755f000 r--s 00000000 08:11 31820892                   /home/pollux/.gradle/wrapper/dists/gradle-4.4-all/9br9xq1tocpiv8o6njlyu5op1/gradle-4.4/lib/gradle-kotlin-dsl-tooling-models-0.13.1.jar
7f1df755f000-7f1df7561000 r--s 00003000 08:11 31820888                   /home/pollux/.gradle/wrapper/dists/gradle-4.4-all/9br9xq1tocpiv8o6njlyu5op1/gradle-4.4/lib/annotations-13.0.jar
7f1df7561000-7f1df756c000 r--s 00082000 08:11 31820889                   /home/pollux/.gradle/wrapper/dists/gradle-4.4-all/9br9xq1tocpiv8o6njlyu5op1/gradle-4.4/lib/gradle-kotlin-dsl-0.13.1.jar
7f1df756c000-7f1df7570000 r--s 00012000 08:11 31820988                   /home/pollux/.gradle/wrapper/dists/gradle-4.4-all/9br9xq1tocpiv8o6njlyu5op1/gradle-4.4/lib/gradle-build-cache-4.4.jar
7f1df7570000-7f1df7576000 r--s 0002e000 08:11 31821135                   /home/pollux/.gradle/wrapper/dists/gradle-4.4-all/9br9xq1tocpiv8o6njlyu5op1/gradle-4.4/lib/gradle-persistent-cache-4.4.jar
7f1df7576000-7f1df757a000 r--s 00014000 08:11 31821026                   /home/pollux/.gradle/wrapper/dists/gradle-4.4-all/9br9xq1tocpiv8o6njlyu5op1/gradle-4.4/lib/gradle-resources-4.4.jar
7f1df757a000-7f1df757b000 r--s 00003000 08:11 31821142                   /home/pollux/.gradle/wrapper/dists/gradle-4.4-all/9br9xq1tocpiv8o6njlyu5op1/gradle-4.4/lib/gradle-build-option-4.4.jar
7f1df757b000-7f1df757d000 r--s 00005000 08:11 31821143                   /home/pollux/.gradle/wrapper/dists/gradle-4.4-all/9br9xq1tocpiv8o6njlyu5op1/gradle-4.4/lib/gradle-cli-4.4.jar
7f1df757d000-7f1df757f000 r--s 00003000 08:11 31821150                   /home/pollux/.gradle/wrapper/dists/gradle-4.4-all/9br9xq1tocpiv8o6njlyu5op1/gradle-4.4/lib/jcl-over-slf4j-1.7.10.jar
7f1df757f000-7f1df7580000 r--s 00005000 08:11 31821149                   /home/pollux/.gradle/wrapper/dists/gradle-4.4-all/9br9xq1tocpiv8o6njlyu5op1/gradle-4.4/lib/log4j-over-slf4j-1.7.10.jar
7f1df7580000-7f1df7582000 r--s 00000000 08:11 31821148                   /home/pollux/.gradle/wrapper/dists/gradle-4.4-all/9br9xq1tocpiv8o6njlyu5op1/gradle-4.4/lib/jul-to-slf4j-1.7.10.jar
7f1df7582000-7f1df7589000 r--s 0002f000 08:11 31821021                   /home/pollux/.gradle/wrapper/dists/gradle-4.4-all/9br9xq1tocpiv8o6njlyu5op1/gradle-4.4/lib/gradle-logging-4.4.jar
7f1df7589000-7f1df7599000 r--s 00082000 08:11 31821138                   /home/pollux/.gradle/wrapper/dists/gradle-4.4-all/9br9xq1tocpiv8o6njlyu5op1/gradle-4.4/lib/gradle-model-core-4.4.jar
7f1df7599000-7f1df759b000 r--s 00006000 08:11 31821139                   /home/pollux/.gradle/wrapper/dists/gradle-4.4-all/9br9xq1tocpiv8o6njlyu5op1/gradle-4.4/lib/gradle-base-services-groovy-4.4.jar
7f1df759b000-7f1df75a4000 r--s 0002d000 08:11 31821162                   /home/pollux/.gradle/wrapper/dists/gradle-4.4-all/9br9xq1tocpiv8o6njlyu5op1/gradle-4.4/lib/xml-apis-1.4.01.jar
7f1df75a4000-7f1df75a5000 ---p 00000000 00:00 0 
7f1df75a5000-7f1df76a5000 rw-p 00000000 00:00 0 
7f1df76a5000-7f1df76a8000 ---p 00000000 00:00 0 
7f1df76a8000-7f1df77a6000 rw-p 00000000 00:00 0 
7f1df77a6000-7f1df77a9000 ---p 00000000 00:00 0 
7f1df77a9000-7f1df78a7000 rw-p 00000000 00:00 0 
7f1df78a7000-7f1df78aa000 ---p 00000000 00:00 0 
7f1df78aa000-7f1df79a8000 rw-p 00000000 00:00 0 
7f1df79a8000-7f1df79ab000 ---p 00000000 00:00 0 
7f1df79ab000-7f1df7aa9000 rw-p 00000000 00:00 0 
7f1df7aa9000-7f1df7aac000 ---p 00000000 00:00 0 
7f1df7aac000-7f1df7baa000 rw-p 00000000 00:00 0 
7f1df7baa000-7f1df8000000 r--p 00000000 08:11 329169                     /usr/lib/locale/locale-archive
7f1df8000000-7f1df8021000 rw-p 00000000 00:00 0 
7f1df8021000-7f1dfc000000 ---p 00000000 00:00 0 
7f1dfc000000-7f1dfc002000 r--s 00007000 08:11 31821137                   /home/pollux/.gradle/wrapper/dists/gradle-4.4-all/9br9xq1tocpiv8o6njlyu5op1/gradle-4.4/lib/gradle-model-groovy-4.4.jar
7f1dfc002000-7f1dfc003000 r--s 00002000 08:11 31821163                   /home/pollux/.gradle/wrapper/dists/gradle-4.4-all/9br9xq1tocpiv8o6njlyu5op1/gradle-4.4/lib/gradle-docs-4.4.jar
7f1dfc003000-7f1dfc00d000 r--s 00078000 08:11 31821161                   /home/pollux/.gradle/wrapper/dists/gradle-4.4-all/9br9xq1tocpiv8o6njlyu5op1/gradle-4.4/lib/commons-compress-1.14.jar
7f1dfc00d000-7f1dfc01a000 r--s 00083000 08:11 31821159                   /home/pollux/.gradle/wrapper/dists/gradle-4.4-all/9br9xq1tocpiv8o6njlyu5op1/gradle-4.4/lib/commons-collections-3.2.2.jar
7f1dfc01a000-7f1dfc01b000 r--s 00000000 08:11 31821158                   /home/pollux/.gradle/wrapper/dists/gradle-4.4-all/9br9xq1tocpiv8o6njlyu5op1/gradle-4.4/lib/javax.inject-1.jar
7f1dfc01b000-7f1dfc08b000 r--s 00646000 08:11 31821156                   /home/pollux/.gradle/wrapper/dists/gradle-4.4-all/9br9xq1tocpiv8o6njlyu5op1/gradle-4.4/lib/groovy-all-2.4.12.jar
7f1dfc08b000-7f1dfc08e000 r--s 00023000 08:11 31821164                   /home/pollux/.gradle/wrapper/dists/gradle-4.4-all/9br9xq1tocpiv8o6njlyu5op1/gradle-4.4/lib/jansi-1.14.jar
7f1dfc08e000-7f1dfc08f000 r--s 00004000 08:11 31821166                   /home/pollux/.gradle/wrapper/dists/gradle-4.4-all/9br9xq1tocpiv8o6njlyu5op1/gradle-4.4/lib/native-platform-freebsd-amd64-libcpp-0.14.jar
7f1dfc08f000-7f1dfc090000 r--s 00004000 08:11 31821167                   /home/pollux/.gradle/wrapper/dists/gradle-4.4-all/9br9xq1tocpiv8o6njlyu5op1/gradle-4.4/lib/native-platform-freebsd-amd64-libstdcpp-0.14.jar
7f1dfc090000-7f1dfc091000 r--s 00004000 08:11 31821168                   /home/pollux/.gradle/wrapper/dists/gradle-4.4-all/9br9xq1tocpiv8o6njlyu5op1/gradle-4.4/lib/native-platform-freebsd-i386-libcpp-0.14.jar
7f1dfc091000-7f1dfc092000 r--s 00003000 08:11 31821169                   /home/pollux/.gradle/wrapper/dists/gradle-4.4-all/9br9xq1tocpiv8o6njlyu5op1/gradle-4.4/lib/native-platform-freebsd-i386-libstdcpp-0.14.jar
7f1dfc092000-7f1dfc093000 r--s 00002000 08:11 31821170                   /home/pollux/.gradle/wrapper/dists/gradle-4.4-all/9br9xq1tocpiv8o6njlyu5op1/gradle-4.4/lib/native-platform-linux-amd64-0.14.jar
7f1dfc093000-7f1dfc094000 r--s 00002000 08:11 31821171                   /home/pollux/.gradle/wrapper/dists/gradle-4.4-all/9br9xq1tocpiv8o6njlyu5op1/gradle-4.4/lib/native-platform-linux-i386-0.14.jar
7f1dfc094000-7f1dfc096000 r--s 00002000 08:11 31821172                   /home/pollux/.gradle/wrapper/dists/gradle-4.4-all/9br9xq1tocpiv8o6njlyu5op1/gradle-4.4/lib/native-platform-osx-amd64-0.14.jar
7f1dfc096000-7f1dfc097000 r--s 00003000 08:11 31821173                   /home/pollux/.gradle/wrapper/dists/gradle-4.4-all/9br9xq1tocpiv8o6njlyu5op1/gradle-4.4/lib/native-platform-osx-i386-0.14.jar
7f1dfc097000-7f1dfc099000 r--s 0000b000 08:11 31821174                   /home/pollux/.gradle/wrapper/dists/gradle-4.4-all/9br9xq1tocpiv8o6njlyu5op1/gradle-4.4/lib/native-platform-windows-amd64-0.14.jar
7f1dfc099000-7f1dfc09a000 r--s 0000b000 08:11 31821175                   /home/pollux/.gradle/wrapper/dists/gradle-4.4-all/9br9xq1tocpiv8o6njlyu5op1/gradle-4.4/lib/native-platform-windows-i386-0.14.jar
7f1dfc09a000-7f1dfc09b000 r--s 00001000 08:11 31821176                   /home/pollux/.gradle/wrapper/dists/gradle-4.4-all/9br9xq1tocpiv8o6njlyu5op1/gradle-4.4/lib/native-platform-linux-amd64-ncurses5-0.14.jar
7f1dfc09b000-7f1dfc09c000 r--s 00001000 08:11 31821177                   /home/pollux/.gradle/wrapper/dists/gradle-4.4-all/9br9xq1tocpiv8o6njlyu5op1/gradle-4.4/lib/native-platform-linux-amd64-ncurses6-0.14.jar
7f1dfc09c000-7f1dfc09d000 r--s 00001000 08:11 31821178                   /home/pollux/.gradle/wrapper/dists/gradle-4.4-all/9br9xq1tocpiv8o6njlyu5op1/gradle-4.4/lib/native-platform-linux-i386-ncurses5-0.14.jar
7f1dfc09d000-7f1dfc09e000 r--s 00001000 08:11 31821179                   /home/pollux/.gradle/wrapper/dists/gradle-4.4-all/9br9xq1tocpiv8o6njlyu5op1/gradle-4.4/lib/native-platform-linux-i386-ncurses6-0.14.jar
7f1dfc09e000-7f1dfc0a2000 r--s 00012000 08:11 31821160                   /home/pollux/.gradle/wrapper/dists/gradle-4.4-all/9br9xq1tocpiv8o6njlyu5op1/gradle-4.4/lib/native-platform-0.14.jar
7f1dfc0a2000-7f1dfc0a5000 r--s 0000c000 08:11 31821136                   /home/pollux/.gradle/wrapper/dists/gradle-4.4-all/9br9xq1tocpiv8o6njlyu5op1/gradle-4.4/lib/gradle-native-4.4.jar
7f1dfc0a5000-7f1dfc0a7000 r--s 0000f000 08:11 31821145                   /home/pollux/.gradle/wrapper/dists/gradle-4.4-all/9br9xq1tocpiv8o6njlyu5op1/gradle-4.4/lib/reflectasm-1.07-shaded.jar
7f1dfc0a7000-7f1dfc0a9000 r--s 00000000 08:11 31821180                   /home/pollux/.gradle/wrapper/dists/gradle-4.4-all/9br9xq1tocpiv8o6njlyu5op1/gradle-4.4/lib/minlog-1.2.jar
7f1dfc0a9000-7f1dfc0ab000 r--s 00007000 08:11 31821181                   /home/pollux/.gradle/wrapper/dists/gradle-4.4-all/9br9xq1tocpiv8o6njlyu5op1/gradle-4.4/lib/objenesis-1.2.jar
7f1dfc0ab000-7f1dfc0af000 r--s 00026000 08:11 31821144                   /home/pollux/.gradle/wrapper/dists/gradle-4.4-all/9br9xq1tocpiv8o6njlyu5op1/gradle-4.4/lib/kryo-2.20.jar
7f1dfc0af000-7f1dfc0b5000 r--s 0002b000 08:11 31821140                   /home/pollux/.gradle/wrapper/dists/gradle-4.4-all/9br9xq1tocpiv8o6njlyu5op1/gradle-4.4/lib/gradle-messaging-4.4.jar
7f1dfc0b5000-7f1dfc0b7000 r--s 00006000 08:11 31821025                   /home/pollux/.gradle/wrapper/dists/gradle-4.4-all/9br9xq1tocpiv8o6njlyu5op1/gradle-4.4/lib/gradle-process-services-4.4.jar
7f1dfc0b7000-7f1dfc0b9000 r--s 00000000 08:11 31820984                   /home/pollux/.gradle/wrapper/dists/gradle-4.4-all/9br9xq1tocpiv8o6njlyu5op1/gradle-4.4/lib/gradle-jvm-services-4.4.jar
7f1dfc0b9000-7f1dfc0be000 r--s 00041000 08:11 31821154                   /home/pollux/.gradle/wrapper/dists/gradle-4.4-all/9br9xq1tocpiv8o6njlyu5op1/gradle-4.4/lib/commons-lang-2.6.jar
7f1dfc0be000-7f1dfc0c1000 r--s 00006000 08:11 31821153                   /home/pollux/.gradle/wrapper/dists/gradle-4.4-all/9br9xq1tocpiv8o6njlyu5op1/gradle-4.4/lib/jsr305-1.3.9.jar
7f1dfc0c1000-7f1dfc0e9000 r--s 001cf000 08:11 31821152                   /home/pollux/.gradle/wrapper/dists/gradle-4.4-all/9br9xq1tocpiv8o6njlyu5op1/gradle-4.4/lib/guava-jdk5-17.0.jar
7f1dfc0e9000-7f1dfc0f1000 r--s 000bd000 08:11 31821146                   /home/pollux/.gradle/wrapper/dists/gradle-4.4-all/9br9xq1tocpiv8o6njlyu5op1/gradle-4.4/lib/asm-debug-all-6.0_ALPHA.jar
7f1dfc0f1000-7f1dfc0f4000 ---p 00000000 00:00 0 
7f1dfc0f4000-7f1dfc1f2000 rw-p 00000000 00:00 0 
7f1dfc1f2000-7f1dfc1f5000 ---p 00000000 00:00 0 
7f1dfc1f5000-7f1dfc2f3000 rw-p 00000000 00:00 0 
7f1dfc2f3000-7f1dfc2f6000 ---p 00000000 00:00 0 
7f1dfc2f6000-7f1dfc3f4000 rw-p 00000000 00:00 0 
7f1dfc3f4000-7f1dfc3f5000 ---p 00000000 00:00 0 
7f1dfc3f5000-7f1e00000000 rw-p 00000000 00:00 0 
7f1e00000000-7f1e00021000 rw-p 00000000 00:00 0 
7f1e00021000-7f1e04000000 ---p 00000000 00:00 0 
7f1e04000000-7f1e04001000 r--s 00000000 08:11 31821155                   /home/pollux/.gradle/wrapper/dists/gradle-4.4-all/9br9xq1tocpiv8o6njlyu5op1/gradle-4.4/lib/jcip-annotations-1.0.jar
7f1e04001000-7f1e04002000 r--s 00007000 08:11 31821151                   /home/pollux/.gradle/wrapper/dists/gradle-4.4-all/9br9xq1tocpiv8o6njlyu5op1/gradle-4.4/lib/slf4j-api-1.7.10.jar
7f1e04002000-7f1e04006000 r--s 00027000 08:11 31821147                   /home/pollux/.gradle/wrapper/dists/gradle-4.4-all/9br9xq1tocpiv8o6njlyu5op1/gradle-4.4/lib/commons-io-2.2.jar
7f1e04006000-7f1e04025000 r--s 001d5000 08:11 31821157                   /home/pollux/.gradle/wrapper/dists/gradle-4.4-all/9br9xq1tocpiv8o6njlyu5op1/gradle-4.4/lib/ant-1.9.9.jar
7f1e04025000-7f1e04061000 r--s 00204000 08:11 31820914                   /home/pollux/.gradle/wrapper/dists/gradle-4.4-all/9br9xq1tocpiv8o6njlyu5op1/gradle-4.4/lib/gradle-core-4.4.jar
7f1e04061000-7f1e0406d000 r--s 00032000 08:11 31820986                   /home/pollux/.gradle/wrapper/dists/gradle-4.4-all/9br9xq1tocpiv8o6njlyu5op1/gradle-4.4/lib/gradle-core-api-4.4.jar
7f1e0406d000-7f1e05000000 rw-p 00000000 00:00 0 
7f1e05000000-7f1e055a0000 rwxp 00000000 00:00 0 
7f1e055a0000-7f1e14000000 ---p 00000000 00:00 0 
7f1e14000000-7f1e14e07000 rw-p 00000000 00:00 0 
7f1e14e07000-7f1e18000000 ---p 00000000 00:00 0 
7f1e18000000-7f1e1800c000 r--s 0005f000 08:11 31820905                   /home/pollux/.gradle/wrapper/dists/gradle-4.4-all/9br9xq1tocpiv8o6njlyu5op1/gradle-4.4/lib/gradle-launcher-4.4.jar
7f1e1800c000-7f1e181be000 rw-p 00000000 00:00 0 
7f1e181be000-7f1e1838e000 r--s 03c46000 08:11 32380698                   /home/pollux/Programms/android-studio/jre/jre/lib/rt.jar
7f1e1838e000-7f1e18f04000 rw-p 00000000 00:00 0 
7f1e18f04000-7f1e18f05000 ---p 00000000 00:00 0 
7f1e18f05000-7f1e19005000 rw-p 00000000 00:00 0 
7f1e19005000-7f1e19006000 ---p 00000000 00:00 0 
7f1e19006000-7f1e19106000 rw-p 00000000 00:00 0 
7f1e19106000-7f1e19107000 ---p 00000000 00:00 0 
7f1e19107000-7f1e19207000 rw-p 00000000 00:00 0 
7f1e19207000-7f1e19208000 ---p 00000000 00:00 0 
7f1e19208000-7f1e19308000 rw-p 00000000 00:00 0 
7f1e19308000-7f1e19309000 ---p 00000000 00:00 0 
7f1e19309000-7f1e19409000 rw-p 00000000 00:00 0 
7f1e19409000-7f1e1940a000 ---p 00000000 00:00 0 
7f1e1940a000-7f1e1950a000 rw-p 00000000 00:00 0 
7f1e1950a000-7f1e1950b000 ---p 00000000 00:00 0 
7f1e1950b000-7f1e1960b000 rw-p 00000000 00:00 0 
7f1e1960b000-7f1e1960c000 ---p 00000000 00:00 0 
7f1e1960c000-7f1e19736000 rw-p 00000000 00:00 0 
7f1e19736000-7f1e1990c000 ---p 00000000 00:00 0 
7f1e1990c000-7f1e19936000 rw-p 00000000 00:00 0 
7f1e19936000-7f1e19b0c000 ---p 00000000 00:00 0 
7f1e19b0c000-7f1e19b31000 rw-p 00000000 00:00 0 
7f1e19b31000-7f1e19c0c000 ---p 00000000 00:00 0 
7f1e19c0c000-7f1e19c24000 rw-p 00000000 00:00 0 
7f1e19c24000-7f1e19fcd000 ---p 00000000 00:00 0 
7f1e19fcd000-7f1e19fe7000 r-xp 00000000 08:11 32380657                   /home/pollux/Programms/android-studio/jre/jre/lib/amd64/libzip.so
7f1e19fe7000-7f1e1a1e7000 ---p 0001a000 08:11 32380657                   /home/pollux/Programms/android-studio/jre/jre/lib/amd64/libzip.so
7f1e1a1e7000-7f1e1a1e8000 r--p 0001a000 08:11 32380657                   /home/pollux/Programms/android-studio/jre/jre/lib/amd64/libzip.so
7f1e1a1e8000-7f1e1a1e9000 rw-p 0001b000 08:11 32380657                   /home/pollux/Programms/android-studio/jre/jre/lib/amd64/libzip.so
7f1e1a1e9000-7f1e1a1f4000 r-xp 00000000 08:11 20522025                   /lib/x86_64-linux-gnu/libnss_files-2.23.so
7f1e1a1f4000-7f1e1a3f3000 ---p 0000b000 08:11 20522025                   /lib/x86_64-linux-gnu/libnss_files-2.23.so
7f1e1a3f3000-7f1e1a3f4000 r--p 0000a000 08:11 20522025                   /lib/x86_64-linux-gnu/libnss_files-2.23.so
7f1e1a3f4000-7f1e1a3f5000 rw-p 0000b000 08:11 20522025                   /lib/x86_64-linux-gnu/libnss_files-2.23.so
7f1e1a3f5000-7f1e1a3fb000 rw-p 00000000 00:00 0 
7f1e1a3fb000-7f1e1a406000 r-xp 00000000 08:11 20522031                   /lib/x86_64-linux-gnu/libnss_nis-2.23.so
7f1e1a406000-7f1e1a605000 ---p 0000b000 08:11 20522031                   /lib/x86_64-linux-gnu/libnss_nis-2.23.so
7f1e1a605000-7f1e1a606000 r--p 0000a000 08:11 20522031                   /lib/x86_64-linux-gnu/libnss_nis-2.23.so
7f1e1a606000-7f1e1a607000 rw-p 0000b000 08:11 20522031                   /lib/x86_64-linux-gnu/libnss_nis-2.23.so
7f1e1a607000-7f1e1a61d000 r-xp 00000000 08:11 20519733                   /lib/x86_64-linux-gnu/libnsl-2.23.so
7f1e1a61d000-7f1e1a81c000 ---p 00016000 08:11 20519733                   /lib/x86_64-linux-gnu/libnsl-2.23.so
7f1e1a81c000-7f1e1a81d000 r--p 00015000 08:11 20519733                   /lib/x86_64-linux-gnu/libnsl-2.23.so
7f1e1a81d000-7f1e1a81e000 rw-p 00016000 08:11 20519733                   /lib/x86_64-linux-gnu/libnsl-2.23.so
7f1e1a81e000-7f1e1a820000 rw-p 00000000 00:00 0 
7f1e1a820000-7f1e1a828000 r-xp 00000000 08:11 20522004                   /lib/x86_64-linux-gnu/libnss_compat-2.23.so
7f1e1a828000-7f1e1aa27000 ---p 00008000 08:11 20522004                   /lib/x86_64-linux-gnu/libnss_compat-2.23.so
7f1e1aa27000-7f1e1aa28000 r--p 00007000 08:11 20522004                   /lib/x86_64-linux-gnu/libnss_compat-2.23.so
7f1e1aa28000-7f1e1aa29000 rw-p 00008000 08:11 20522004                   /lib/x86_64-linux-gnu/libnss_compat-2.23.so
7f1e1aa29000-7f1e1aa56000 r-xp 00000000 08:11 32380665                   /home/pollux/Programms/android-studio/jre/jre/lib/amd64/libjava.so
7f1e1aa56000-7f1e1ac55000 ---p 0002d000 08:11 32380665                   /home/pollux/Programms/android-studio/jre/jre/lib/amd64/libjava.so
7f1e1ac55000-7f1e1ac56000 r--p 0002c000 08:11 32380665                   /home/pollux/Programms/android-studio/jre/jre/lib/amd64/libjava.so
7f1e1ac56000-7f1e1ac58000 rw-p 0002d000 08:11 32380665                   /home/pollux/Programms/android-studio/jre/jre/lib/amd64/libjava.so
7f1e1ac58000-7f1e1ac68000 r-xp 00000000 08:11 32380653                   /home/pollux/Programms/android-studio/jre/jre/lib/amd64/libverify.so
7f1e1ac68000-7f1e1ae67000 ---p 00010000 08:11 32380653                   /home/pollux/Programms/android-studio/jre/jre/lib/amd64/libverify.so
7f1e1ae67000-7f1e1ae69000 r--p 0000f000 08:11 32380653                   /home/pollux/Programms/android-studio/jre/jre/lib/amd64/libverify.so
7f1e1ae69000-7f1e1ae6a000 rw-p 00011000 08:11 32380653                   /home/pollux/Programms/android-studio/jre/jre/lib/amd64/libverify.so
7f1e1ae6a000-7f1e1ae71000 r-xp 00000000 08:11 20522032                   /lib/x86_64-linux-gnu/librt-2.23.so
7f1e1ae71000-7f1e1b070000 ---p 00007000 08:11 20522032                   /lib/x86_64-linux-gnu/librt-2.23.so
7f1e1b070000-7f1e1b071000 r--p 00006000 08:11 20522032                   /lib/x86_64-linux-gnu/librt-2.23.so
7f1e1b071000-7f1e1b072000 rw-p 00007000 08:11 20522032                   /lib/x86_64-linux-gnu/librt-2.23.so
7f1e1b072000-7f1e1b17a000 r-xp 00000000 08:11 20519703                   /lib/x86_64-linux-gnu/libm-2.23.so
7f1e1b17a000-7f1e1b379000 ---p 00108000 08:11 20519703                   /lib/x86_64-linux-gnu/libm-2.23.so
7f1e1b379000-7f1e1b37a000 r--p 00107000 08:11 20519703                   /lib/x86_64-linux-gnu/libm-2.23.so
7f1e1b37a000-7f1e1b37b000 rw-p 00108000 08:11 20519703                   /lib/x86_64-linux-gnu/libm-2.23.so
7f1e1b37b000-7f1e1bf77000 r-xp 00000000 08:11 32380675                   /home/pollux/Programms/android-studio/jre/jre/lib/amd64/server/libjvm.so
7f1e1bf77000-7f1e1c177000 ---p 00bfc000 08:11 32380675                   /home/pollux/Programms/android-studio/jre/jre/lib/amd64/server/libjvm.so
7f1e1c177000-7f1e1c217000 r--p 00bfc000 08:11 32380675                   /home/pollux/Programms/android-studio/jre/jre/lib/amd64/server/libjvm.so
7f1e1c217000-7f1e1c240000 rw-p 00c9c000 08:11 32380675                   /home/pollux/Programms/android-studio/jre/jre/lib/amd64/server/libjvm.so
7f1e1c240000-7f1e1c284000 rw-p 00000000 00:00 0 
7f1e1c284000-7f1e1c29c000 r-xp 00000000 08:11 20519883                   /lib/x86_64-linux-gnu/libpthread-2.23.so
7f1e1c29c000-7f1e1c49b000 ---p 00018000 08:11 20519883                   /lib/x86_64-linux-gnu/libpthread-2.23.so
7f1e1c49b000-7f1e1c49c000 r--p 00017000 08:11 20519883                   /lib/x86_64-linux-gnu/libpthread-2.23.so
7f1e1c49c000-7f1e1c49d000 rw-p 00018000 08:11 20519883                   /lib/x86_64-linux-gnu/libpthread-2.23.so
7f1e1c49d000-7f1e1c4a1000 rw-p 00000000 00:00 0 
7f1e1c4a1000-7f1e1c4a4000 r-xp 00000000 08:11 20521997                   /lib/x86_64-linux-gnu/libdl-2.23.so
7f1e1c4a4000-7f1e1c6a3000 ---p 00003000 08:11 20521997                   /lib/x86_64-linux-gnu/libdl-2.23.so
7f1e1c6a3000-7f1e1c6a4000 r--p 00002000 08:11 20521997                   /lib/x86_64-linux-gnu/libdl-2.23.so
7f1e1c6a4000-7f1e1c6a5000 rw-p 00003000 08:11 20521997                   /lib/x86_64-linux-gnu/libdl-2.23.so
7f1e1c6a5000-7f1e1c865000 r-xp 00000000 08:11 20520876                   /lib/x86_64-linux-gnu/libc-2.23.so
7f1e1c865000-7f1e1ca65000 ---p 001c0000 08:11 20520876                   /lib/x86_64-linux-gnu/libc-2.23.so
7f1e1ca65000-7f1e1ca69000 r--p 001c0000 08:11 20520876                   /lib/x86_64-linux-gnu/libc-2.23.so
7f1e1ca69000-7f1e1ca6b000 rw-p 001c4000 08:11 20520876                   /lib/x86_64-linux-gnu/libc-2.23.so
7f1e1ca6b000-7f1e1ca6f000 rw-p 00000000 00:00 0 
7f1e1ca6f000-7f1e1ca85000 r-xp 00000000 08:11 32380558                   /home/pollux/Programms/android-studio/jre/lib/amd64/jli/libjli.so
7f1e1ca85000-7f1e1cc84000 ---p 00016000 08:11 32380558                   /home/pollux/Programms/android-studio/jre/lib/amd64/jli/libjli.so
7f1e1cc84000-7f1e1cc85000 r--p 00015000 08:11 32380558                   /home/pollux/Programms/android-studio/jre/lib/amd64/jli/libjli.so
7f1e1cc85000-7f1e1cc86000 rw-p 00016000 08:11 32380558                   /home/pollux/Programms/android-studio/jre/lib/amd64/jli/libjli.so
7f1e1cc86000-7f1e1ccac000 r-xp 00000000 08:11 20519736                   /lib/x86_64-linux-gnu/ld-2.23.so
7f1e1ccac000-7f1e1ccb7000 r--s 0005b000 08:11 31821141                   /home/pollux/.gradle/wrapper/dists/gradle-4.4-all/9br9xq1tocpiv8o6njlyu5op1/gradle-4.4/lib/gradle-base-services-4.4.jar
7f1e1ccb7000-7f1e1cd7c000 rw-p 00000000 00:00 0 
7f1e1cd7c000-7f1e1cd7f000 ---p 00000000 00:00 0 
7f1e1cd7f000-7f1e1ce81000 rw-p 00000000 00:00 0 
7f1e1ce81000-7f1e1ce82000 r--s 00004000 08:11 31821165                   /home/pollux/.gradle/wrapper/dists/gradle-4.4-all/9br9xq1tocpiv8o6njlyu5op1/gradle-4.4/lib/ant-launcher-1.9.9.jar
7f1e1ce82000-7f1e1cea0000 rw-p 00000000 00:00 0 
7f1e1cea0000-7f1e1cea8000 rw-s 00000000 08:11 26705984                   /tmp/hsperfdata_pollux/7467
7f1e1cea8000-7f1e1cea9000 rw-p 00000000 00:00 0 
7f1e1cea9000-7f1e1ceaa000 ---p 00000000 00:00 0 
7f1e1ceaa000-7f1e1ceab000 rw-p 00000000 00:00 0 
7f1e1ceab000-7f1e1ceac000 r--p 00025000 08:11 20519736                   /lib/x86_64-linux-gnu/ld-2.23.so
7f1e1ceac000-7f1e1cead000 rw-p 00026000 08:11 20519736                   /lib/x86_64-linux-gnu/ld-2.23.so
7f1e1cead000-7f1e1ceae000 rw-p 00000000 00:00 0 
7fffc72f6000-7fffc7317000 rw-p 00000000 00:00 0                          [stack]
7fffc738a000-7fffc738c000 r--p 00000000 00:00 0                          [vvar]
7fffc738c000-7fffc738e000 r-xp 00000000 00:00 0                          [vdso]
ffffffffff600000-ffffffffff601000 r-xp 00000000 00:00 0                  [vsyscall]

VM Arguments:
jvm_args: -Xmx1536m -Dfile.encoding=UTF-8 -Duser.country=US -Duser.language=en -Duser.variant 
java_command: org.gradle.launcher.daemon.bootstrap.GradleDaemon 4.4
java_class_path (initial): /home/pollux/.gradle/wrapper/dists/gradle-4.4-all/9br9xq1tocpiv8o6njlyu5op1/gradle-4.4/lib/gradle-launcher-4.4.jar
Launcher Type: SUN_STANDARD

Environment Variables:
JAVA_HOME=/usr/local/java/jre1.8.0_111
PATH=/home/pollux/bin:/home/pollux/.local/bin:/usr/local/sbin:/usr/local/bin:/usr/sbin:/usr/bin:/sbin:/bin:/usr/games:/usr/local/games:/snap/bin:/home/pollux/bin:/usr/local/java/jre1.8.0_111/bin
SHELL=/bin/bash
DISPLAY=:0

Signal Handlers:
SIGSEGV: [libjvm.so+0x9edb30], sa_mask[0]=11111111011111111101111111111110, sa_flags=SA_RESTART|SA_SIGINFO
SIGBUS: [libjvm.so+0x9edb30], sa_mask[0]=11111111011111111101111111111110, sa_flags=SA_RESTART|SA_SIGINFO
SIGFPE: [libjvm.so+0x84e800], sa_mask[0]=11111111011111111101111111111110, sa_flags=SA_RESTART|SA_SIGINFO
SIGPIPE: [libjvm.so+0x84e800], sa_mask[0]=11111111011111111101111111111110, sa_flags=SA_RESTART|SA_SIGINFO
SIGXFSZ: [libjvm.so+0x84e800], sa_mask[0]=11111111011111111101111111111110, sa_flags=SA_RESTART|SA_SIGINFO
SIGILL: [libjvm.so+0x84e800], sa_mask[0]=11111111011111111101111111111110, sa_flags=SA_RESTART|SA_SIGINFO
SIGUSR1: SIG_DFL, sa_mask[0]=00000000000000000000000000000000, sa_flags=none
SIGUSR2: [libjvm.so+0x84e6d0], sa_mask[0]=00100000000000000000000000000000, sa_flags=SA_RESTART|SA_SIGINFO
SIGHUP: [libjvm.so+0x84e8c0], sa_mask[0]=11111111011111111101111111111110, sa_flags=SA_RESTART|SA_SIGINFO
SIGINT: [libjvm.so+0x84e8c0], sa_mask[0]=11111111011111111101111111111110, sa_flags=SA_RESTART|SA_SIGINFO
SIGTERM: [libjvm.so+0x84e8c0], sa_mask[0]=11111111011111111101111111111110, sa_flags=SA_RESTART|SA_SIGINFO
SIGQUIT: [libjvm.so+0x84e8c0], sa_mask[0]=11111111011111111101111111111110, sa_flags=SA_RESTART|SA_SIGINFO


---------------  S Y S T E M  ---------------

OS:DISTRIB_ID=Ubuntu
DISTRIB_RELEASE=16.04
DISTRIB_CODENAME=xenial
DISTRIB_DESCRIPTION="Ubuntu 16.04.4 LTS"

uname:Linux 4.7.0-040700rc3-generic #201606121131 SMP Sun Jun 12 15:34:32 UTC 2016 x86_64
libc:glibc 2.23 NPTL 2.23 
rlimit: STACK 8192k, CORE 0k, NPROC 31664, NOFILE 1048576, AS infinity
load average:10,78 2,87 1,02

/proc/meminfo:
MemTotal:        8156324 kB
MemFree:          138332 kB
MemAvailable:      41020 kB
Buffers:            1376 kB
Cached:           126964 kB
SwapCached:            0 kB
Active:          7626460 kB
Inactive:         107740 kB
Active(anon):    7607556 kB
Inactive(anon):    85380 kB
Active(file):      18904 kB
Inactive(file):    22360 kB
Unevictable:          80 kB
Mlocked:              80 kB
SwapTotal:             0 kB
SwapFree:              0 kB
Dirty:               256 kB
Writeback:             0 kB
AnonPages:       7606196 kB
Mapped:           164272 kB
Shmem:             86876 kB
Slab:              93868 kB
SReclaimable:      38100 kB
SUnreclaim:        55768 kB
KernelStack:       15856 kB
PageTables:        58176 kB
NFS_Unstable:          0 kB
Bounce:                0 kB
WritebackTmp:          0 kB
CommitLimit:     4078160 kB
Committed_AS:   11994728 kB
VmallocTotal:   34359738367 kB
VmallocUsed:           0 kB
VmallocChunk:          0 kB
HardwareCorrupted:     0 kB
AnonHugePages:   3561472 kB
CmaTotal:              0 kB
CmaFree:               0 kB
HugePages_Total:       0
HugePages_Free:        0
HugePages_Rsvd:        0
HugePages_Surp:        0
Hugepagesize:       2048 kB
DirectMap4k:      302292 kB
DirectMap2M:     8067072 kB


CPU:total 8 (initial active 8) (4 cores per cpu, 2 threads per core) family 6 model 42 stepping 7, cmov, cx8, fxsr, mmx, sse, sse2, sse3, ssse3, sse4.1, sse4.2, popcnt, avx, aes, clmul, ht, tsc, tscinvbit

/proc/cpuinfo:
processor	: 0
vendor_id	: GenuineIntel
cpu family	: 6
model		: 42
model name	: Intel(R) Core(TM) i7-2600 CPU @ 3.40GHz
stepping	: 7
microcode	: 0x2d
cpu MHz		: 2139.941
cache size	: 8192 KB
physical id	: 0
siblings	: 8
core id		: 0
cpu cores	: 4
apicid		: 0
initial apicid	: 0
fpu		: yes
fpu_exception	: yes
cpuid level	: 13
wp		: yes
flags		: fpu vme de pse tsc msr pae mce cx8 apic sep mtrr pge mca cmov pat pse36 clflush dts acpi mmx fxsr sse sse2 ss ht tm pbe syscall nx rdtscp lm constant_tsc arch_perfmon pebs bts rep_good nopl xtopology nonstop_tsc aperfmperf eagerfpu pni pclmulqdq dtes64 monitor ds_cpl vmx smx est tm2 ssse3 cx16 xtpr pdcm pcid sse4_1 sse4_2 x2apic popcnt tsc_deadline_timer aes xsave avx lahf_lm epb tpr_shadow vnmi flexpriority ept vpid xsaveopt dtherm ida arat pln pts
bugs		:
bogomips	: 6784.77
clflush size	: 64
cache_alignment	: 64
address sizes	: 36 bits physical, 48 bits virtual
power management:

processor	: 1
vendor_id	: GenuineIntel
cpu family	: 6
model		: 42
model name	: Intel(R) Core(TM) i7-2600 CPU @ 3.40GHz
stepping	: 7
microcode	: 0x2d
cpu MHz		: 1872.448
cache size	: 8192 KB
physical id	: 0
siblings	: 8
core id		: 1
cpu cores	: 4
apicid		: 2
initial apicid	: 2
fpu		: yes
fpu_exception	: yes
cpuid level	: 13
wp		: yes
flags		: fpu vme de pse tsc msr pae mce cx8 apic sep mtrr pge mca cmov pat pse36 clflush dts acpi mmx fxsr sse sse2 ss ht tm pbe syscall nx rdtscp lm constant_tsc arch_perfmon pebs bts rep_good nopl xtopology nonstop_tsc aperfmperf eagerfpu pni pclmulqdq dtes64 monitor ds_cpl vmx smx est tm2 ssse3 cx16 xtpr pdcm pcid sse4_1 sse4_2 x2apic popcnt tsc_deadline_timer aes xsave avx lahf_lm epb tpr_shadow vnmi flexpriority ept vpid xsaveopt dtherm ida arat pln pts
bugs		:
bogomips	: 6785.63
clflush size	: 64
cache_alignment	: 64
address sizes	: 36 bits physical, 48 bits virtual
power management:

processor	: 2
vendor_id	: GenuineIntel
cpu family	: 6
model		: 42
model name	: Intel(R) Core(TM) i7-2600 CPU @ 3.40GHz
stepping	: 7
microcode	: 0x2d
cpu MHz		: 1955.871
cache size	: 8192 KB
physical id	: 0
siblings	: 8
core id		: 2
cpu cores	: 4
apicid		: 4
initial apicid	: 4
fpu		: yes
fpu_exception	: yes
cpuid level	: 13
wp		: yes
flags		: fpu vme de pse tsc msr pae mce cx8 apic sep mtrr pge mca cmov pat pse36 clflush dts acpi mmx fxsr sse sse2 ss ht tm pbe syscall nx rdtscp lm constant_tsc arch_perfmon pebs bts rep_good nopl xtopology nonstop_tsc aperfmperf eagerfpu pni pclmulqdq dtes64 monitor ds_cpl vmx smx est tm2 ssse3 cx16 xtpr pdcm pcid sse4_1 sse4_2 x2apic popcnt tsc_deadline_timer aes xsave avx lahf_lm epb tpr_shadow vnmi flexpriority ept vpid xsaveopt dtherm ida arat pln pts
bugs		:
bogomips	: 6785.66
clflush size	: 64
cache_alignment	: 64
address sizes	: 36 bits physical, 48 bits virtual
power management:

processor	: 3
vendor_id	: GenuineIntel
cpu family	: 6
model		: 42
model name	: Intel(R) Core(TM) i7-2600 CPU @ 3.40GHz
stepping	: 7
microcode	: 0x2d
cpu MHz		: 2116.076
cache size	: 8192 KB
physical id	: 0
siblings	: 8
core id		: 3
cpu cores	: 4
apicid		: 6
initial apicid	: 6
fpu		: yes
fpu_exception	: yes
cpuid level	: 13
wp		: yes
flags		: fpu vme de pse tsc msr pae mce cx8 apic sep mtrr pge mca cmov pat pse36 clflush dts acpi mmx fxsr sse sse2 ss ht tm pbe syscall nx rdtscp lm constant_tsc arch_perfmon pebs bts rep_good nopl xtopology nonstop_tsc aperfmperf eagerfpu pni pclmulqdq dtes64 monitor ds_cpl vmx smx est tm2 ssse3 cx16 xtpr pdcm pcid sse4_1 sse4_2 x2apic popcnt tsc_deadline_timer aes xsave avx lahf_lm epb tpr_shadow vnmi flexpriority ept vpid xsaveopt dtherm ida arat pln pts
bugs		:
bogomips	: 6785.66
clflush size	: 64
cache_alignment	: 64
address sizes	: 36 bits physical, 48 bits virtual
power management:

processor	: 4
vendor_id	: GenuineIntel
cpu family	: 6
model		: 42
model name	: Intel(R) Core(TM) i7-2600 CPU @ 3.40GHz
stepping	: 7
microcode	: 0x2d
cpu MHz		: 2629.064
cache size	: 8192 KB
physical id	: 0
siblings	: 8
core id		: 0
cpu cores	: 4
apicid		: 1
initial apicid	: 1
fpu		: yes
fpu_exception	: yes
cpuid level	: 13
wp		: yes
flags		: fpu vme de pse tsc msr pae mce cx8 apic sep mtrr pge mca cmov pat pse36 clflush dts acpi mmx fxsr sse sse2 ss ht tm pbe syscall nx rdtscp lm constant_tsc arch_perfmon pebs bts rep_good nopl xtopology nonstop_tsc aperfmperf eagerfpu pni pclmulqdq dtes64 monitor ds_cpl vmx smx est tm2 ssse3 cx16 xtpr pdcm pcid sse4_1 sse4_2 x2apic popcnt tsc_deadline_timer aes xsave avx lahf_lm epb tpr_shadow vnmi flexpriority ept vpid xsaveopt dtherm ida arat pln pts
bugs		:
bogomips	: 6786.25
clflush size	: 64
cache_alignment	: 64
address sizes	: 36 bits physical, 48 bits virtual
power management:

processor	: 5
vendor_id	: GenuineIntel
cpu family	: 6
model		: 42
model name	: Intel(R) Core(TM) i7-2600 CPU @ 3.40GHz
stepping	: 7
microcode	: 0x2d
cpu MHz		: 2585.485
cache size	: 8192 KB
physical id	: 0
siblings	: 8
core id		: 1
cpu cores	: 4
apicid		: 3
initial apicid	: 3
fpu		: yes
fpu_exception	: yes
cpuid level	: 13
wp		: yes
flags		: fpu vme de pse tsc msr pae mce cx8 apic sep mtrr pge mca cmov pat pse36 clflush dts acpi mmx fxsr sse sse2 ss ht tm pbe syscall nx rdtscp lm constant_tsc arch_perfmon pebs bts rep_good nopl xtopology nonstop_tsc aperfmperf eagerfpu pni pclmulqdq dtes64 monitor ds_cpl vmx smx est tm2 ssse3 cx16 xtpr pdcm pcid sse4_1 sse4_2 x2apic popcnt tsc_deadline_timer aes xsave avx lahf_lm epb tpr_shadow vnmi flexpriority ept vpid xsaveopt dtherm ida arat pln pts
bugs		:
bogomips	: 6785.83
clflush size	: 64
cache_alignment	: 64
address sizes	: 36 bits physical, 48 bits virtual
power management:

processor	: 6
vendor_id	: GenuineIntel
cpu family	: 6
model		: 42
model name	: Intel(R) Core(TM) i7-2600 CPU @ 3.40GHz
stepping	: 7
microcode	: 0x2d
cpu MHz		: 2402.661
cache size	: 8192 KB
physical id	: 0
siblings	: 8
core id		: 2
cpu cores	: 4
apicid		: 5
initial apicid	: 5
fpu		: yes
fpu_exception	: yes
cpuid level	: 13
wp		: yes
flags		: fpu vme de pse tsc msr pae mce cx8 apic sep mtrr pge mca cmov pat pse36 clflush dts acpi mmx fxsr sse sse2 ss ht tm pbe syscall nx rdtscp lm constant_tsc arch_perfmon pebs bts rep_good nopl xtopology nonstop_tsc aperfmperf eagerfpu pni pclmulqdq dtes64 monitor ds_cpl vmx smx est tm2 ssse3 cx16 xtpr pdcm pcid sse4_1 sse4_2 x2apic popcnt tsc_deadline_timer aes xsave avx lahf_lm epb tpr_shadow vnmi flexpriority ept vpid xsaveopt dtherm ida arat pln pts
bugs		:
bogomips	: 6785.80
clflush size	: 64
cache_alignment	: 64
address sizes	: 36 bits physical, 48 bits virtual
power management:

processor	: 7
vendor_id	: GenuineIntel
cpu family	: 6
model		: 42
model name	: Intel(R) Core(TM) i7-2600 CPU @ 3.40GHz
stepping	: 7
microcode	: 0x2d
cpu MHz		: 2637.158
cache size	: 8192 KB
physical id	: 0
siblings	: 8
core id		: 3
cpu cores	: 4
apicid		: 7
initial apicid	: 7
fpu		: yes
fpu_exception	: yes
cpuid level	: 13
wp		: yes
flags		: fpu vme de pse tsc msr pae mce cx8 apic sep mtrr pge mca cmov pat pse36 clflush dts acpi mmx fxsr sse sse2 ss ht tm pbe syscall nx rdtscp lm constant_tsc arch_perfmon pebs bts rep_good nopl xtopology nonstop_tsc aperfmperf eagerfpu pni pclmulqdq dtes64 monitor ds_cpl vmx smx est tm2 ssse3 cx16 xtpr pdcm pcid sse4_1 sse4_2 x2apic popcnt tsc_deadline_timer aes xsave avx lahf_lm epb tpr_shadow vnmi flexpriority ept vpid xsaveopt dtherm ida arat pln pts
bugs		:
bogomips	: 6785.78
clflush size	: 64
cache_alignment	: 64
address sizes	: 36 bits physical, 48 bits virtual
power management:



Memory: 4k page, physical 8156324k(138332k free), swap 0k(0k free)

vm_info: OpenJDK 64-Bit Server VM (25.152-b01) for linux-amd64 JRE (1.8.0_152-release-1024-b01), built by "builder" with gcc 4.8.4

time: Sat May  5 19:18:29 2018
elapsed time: 34 seconds (0d 0h 0m 34s)

